{"/Users/alvarosabu/Projects/storyblok/storyblok-richtext/src/images-optimization.test.ts": {"path":"/Users/alvarosabu/Projects/storyblok/storyblok-richtext/src/images-optimization.test.ts","all":false,"statementMap":{"0":{"start":{"line":1,"column":0},"end":{"line":1,"column":50}},"2":{"start":{"line":3,"column":0},"end":{"line":3,"column":54}},"4":{"start":{"line":5,"column":0},"end":{"line":5,"column":39}},"5":{"start":{"line":6,"column":0},"end":{"line":6,"column":77}},"6":{"start":{"line":7,"column":0},"end":{"line":7,"column":86}},"7":{"start":{"line":8,"column":0},"end":{"line":8,"column":50}},"8":{"start":{"line":9,"column":0},"end":{"line":9,"column":32}},"9":{"start":{"line":10,"column":0},"end":{"line":10,"column":5}},"11":{"start":{"line":12,"column":0},"end":{"line":12,"column":81}},"12":{"start":{"line":13,"column":0},"end":{"line":13,"column":86}},"13":{"start":{"line":14,"column":0},"end":{"line":14,"column":41}},"14":{"start":{"line":15,"column":0},"end":{"line":15,"column":30}},"15":{"start":{"line":16,"column":0},"end":{"line":16,"column":5}},"17":{"start":{"line":18,"column":0},"end":{"line":18,"column":89}},"18":{"start":{"line":19,"column":0},"end":{"line":19,"column":86}},"19":{"start":{"line":20,"column":0},"end":{"line":20,"column":56}},"20":{"start":{"line":21,"column":0},"end":{"line":21,"column":40}},"21":{"start":{"line":22,"column":0},"end":{"line":22,"column":5}},"23":{"start":{"line":24,"column":0},"end":{"line":24,"column":72}},"24":{"start":{"line":25,"column":0},"end":{"line":25,"column":86}},"25":{"start":{"line":26,"column":0},"end":{"line":26,"column":79}},"26":{"start":{"line":27,"column":0},"end":{"line":27,"column":48}},"27":{"start":{"line":28,"column":0},"end":{"line":28,"column":5}},"29":{"start":{"line":30,"column":0},"end":{"line":30,"column":78}},"30":{"start":{"line":31,"column":0},"end":{"line":31,"column":86}},"31":{"start":{"line":32,"column":0},"end":{"line":32,"column":53}},"32":{"start":{"line":33,"column":0},"end":{"line":33,"column":54}},"33":{"start":{"line":34,"column":0},"end":{"line":34,"column":111}},"34":{"start":{"line":35,"column":0},"end":{"line":35,"column":33}},"35":{"start":{"line":36,"column":0},"end":{"line":36,"column":5}},"37":{"start":{"line":38,"column":0},"end":{"line":38,"column":77}},"38":{"start":{"line":39,"column":0},"end":{"line":39,"column":86}},"39":{"start":{"line":40,"column":0},"end":{"line":40,"column":53}},"40":{"start":{"line":41,"column":0},"end":{"line":41,"column":53}},"41":{"start":{"line":42,"column":0},"end":{"line":42,"column":111}},"42":{"start":{"line":43,"column":0},"end":{"line":43,"column":33}},"43":{"start":{"line":44,"column":0},"end":{"line":44,"column":5}},"45":{"start":{"line":46,"column":0},"end":{"line":46,"column":63}},"46":{"start":{"line":47,"column":0},"end":{"line":47,"column":86}},"47":{"start":{"line":48,"column":0},"end":{"line":48,"column":70}},"48":{"start":{"line":49,"column":0},"end":{"line":49,"column":55}},"49":{"start":{"line":50,"column":0},"end":{"line":50,"column":5}},"51":{"start":{"line":52,"column":0},"end":{"line":52,"column":80}},"52":{"start":{"line":53,"column":0},"end":{"line":53,"column":86}},"53":{"start":{"line":54,"column":0},"end":{"line":54,"column":53}},"54":{"start":{"line":55,"column":0},"end":{"line":55,"column":54}},"55":{"start":{"line":56,"column":0},"end":{"line":56,"column":112}},"56":{"start":{"line":57,"column":0},"end":{"line":57,"column":33}},"57":{"start":{"line":58,"column":0},"end":{"line":58,"column":5}},"59":{"start":{"line":60,"column":0},"end":{"line":60,"column":79}},"60":{"start":{"line":61,"column":0},"end":{"line":61,"column":86}},"61":{"start":{"line":62,"column":0},"end":{"line":62,"column":53}},"62":{"start":{"line":63,"column":0},"end":{"line":63,"column":53}},"63":{"start":{"line":64,"column":0},"end":{"line":64,"column":112}},"64":{"start":{"line":65,"column":0},"end":{"line":65,"column":33}},"65":{"start":{"line":66,"column":0},"end":{"line":66,"column":5}},"67":{"start":{"line":68,"column":0},"end":{"line":68,"column":62}},"68":{"start":{"line":69,"column":0},"end":{"line":69,"column":86}},"69":{"start":{"line":70,"column":0},"end":{"line":70,"column":62}},"70":{"start":{"line":71,"column":0},"end":{"line":71,"column":47}},"71":{"start":{"line":72,"column":0},"end":{"line":72,"column":5}},"73":{"start":{"line":74,"column":0},"end":{"line":74,"column":60}},"74":{"start":{"line":75,"column":0},"end":{"line":75,"column":86}},"75":{"start":{"line":76,"column":0},"end":{"line":76,"column":60}},"76":{"start":{"line":77,"column":0},"end":{"line":77,"column":45}},"77":{"start":{"line":78,"column":0},"end":{"line":78,"column":5}},"79":{"start":{"line":80,"column":0},"end":{"line":80,"column":56}},"80":{"start":{"line":81,"column":0},"end":{"line":81,"column":86}},"81":{"start":{"line":82,"column":0},"end":{"line":82,"column":76}},"82":{"start":{"line":83,"column":0},"end":{"line":83,"column":55}},"83":{"start":{"line":84,"column":0},"end":{"line":84,"column":5}},"85":{"start":{"line":86,"column":0},"end":{"line":86,"column":73}},"86":{"start":{"line":87,"column":0},"end":{"line":87,"column":86}},"87":{"start":{"line":88,"column":0},"end":{"line":88,"column":53}},"88":{"start":{"line":89,"column":0},"end":{"line":89,"column":51}},"89":{"start":{"line":90,"column":0},"end":{"line":90,"column":125}},"90":{"start":{"line":91,"column":0},"end":{"line":91,"column":33}},"91":{"start":{"line":92,"column":0},"end":{"line":92,"column":5}},"93":{"start":{"line":94,"column":0},"end":{"line":94,"column":72}},"94":{"start":{"line":95,"column":0},"end":{"line":95,"column":86}},"95":{"start":{"line":96,"column":0},"end":{"line":96,"column":53}},"96":{"start":{"line":97,"column":0},"end":{"line":97,"column":50}},"97":{"start":{"line":98,"column":0},"end":{"line":98,"column":125}},"98":{"start":{"line":99,"column":0},"end":{"line":99,"column":33}},"99":{"start":{"line":100,"column":0},"end":{"line":100,"column":5}},"101":{"start":{"line":102,"column":0},"end":{"line":102,"column":77}},"102":{"start":{"line":103,"column":0},"end":{"line":103,"column":86}},"103":{"start":{"line":104,"column":0},"end":{"line":104,"column":53}},"104":{"start":{"line":105,"column":0},"end":{"line":105,"column":51}},"105":{"start":{"line":106,"column":0},"end":{"line":106,"column":125}},"106":{"start":{"line":107,"column":0},"end":{"line":107,"column":33}},"107":{"start":{"line":108,"column":0},"end":{"line":108,"column":5}},"109":{"start":{"line":110,"column":0},"end":{"line":110,"column":62}},"110":{"start":{"line":111,"column":0},"end":{"line":111,"column":86}},"111":{"start":{"line":112,"column":0},"end":{"line":112,"column":84}},"112":{"start":{"line":113,"column":0},"end":{"line":113,"column":63}},"113":{"start":{"line":114,"column":0},"end":{"line":114,"column":5}},"115":{"start":{"line":116,"column":0},"end":{"line":116,"column":79}},"116":{"start":{"line":117,"column":0},"end":{"line":117,"column":86}},"117":{"start":{"line":118,"column":0},"end":{"line":118,"column":53}},"118":{"start":{"line":119,"column":0},"end":{"line":119,"column":59}},"119":{"start":{"line":120,"column":0},"end":{"line":120,"column":131}},"120":{"start":{"line":121,"column":0},"end":{"line":121,"column":33}},"121":{"start":{"line":122,"column":0},"end":{"line":122,"column":5}},"123":{"start":{"line":124,"column":0},"end":{"line":124,"column":78}},"124":{"start":{"line":125,"column":0},"end":{"line":125,"column":86}},"125":{"start":{"line":126,"column":0},"end":{"line":126,"column":53}},"126":{"start":{"line":127,"column":0},"end":{"line":127,"column":58}},"127":{"start":{"line":128,"column":0},"end":{"line":128,"column":131}},"128":{"start":{"line":129,"column":0},"end":{"line":129,"column":33}},"129":{"start":{"line":130,"column":0},"end":{"line":130,"column":5}},"131":{"start":{"line":132,"column":0},"end":{"line":132,"column":83}},"132":{"start":{"line":133,"column":0},"end":{"line":133,"column":86}},"133":{"start":{"line":134,"column":0},"end":{"line":134,"column":53}},"134":{"start":{"line":135,"column":0},"end":{"line":135,"column":57}},"135":{"start":{"line":136,"column":0},"end":{"line":136,"column":131}},"136":{"start":{"line":137,"column":0},"end":{"line":137,"column":33}},"137":{"start":{"line":138,"column":0},"end":{"line":138,"column":5}},"139":{"start":{"line":140,"column":0},"end":{"line":140,"column":56}},"140":{"start":{"line":141,"column":0},"end":{"line":141,"column":86}},"141":{"start":{"line":142,"column":0},"end":{"line":142,"column":88}},"142":{"start":{"line":143,"column":0},"end":{"line":143,"column":65}},"143":{"start":{"line":144,"column":0},"end":{"line":144,"column":5}},"145":{"start":{"line":146,"column":0},"end":{"line":146,"column":61}},"146":{"start":{"line":147,"column":0},"end":{"line":147,"column":86}},"147":{"start":{"line":148,"column":0},"end":{"line":148,"column":84}},"148":{"start":{"line":149,"column":0},"end":{"line":149,"column":59}},"149":{"start":{"line":150,"column":0},"end":{"line":150,"column":5}},"151":{"start":{"line":152,"column":0},"end":{"line":152,"column":59}},"152":{"start":{"line":153,"column":0},"end":{"line":153,"column":86}},"153":{"start":{"line":154,"column":0},"end":{"line":154,"column":80}},"154":{"start":{"line":155,"column":0},"end":{"line":155,"column":59}},"155":{"start":{"line":156,"column":0},"end":{"line":156,"column":5}},"157":{"start":{"line":158,"column":0},"end":{"line":158,"column":76}},"158":{"start":{"line":159,"column":0},"end":{"line":159,"column":86}},"159":{"start":{"line":160,"column":0},"end":{"line":160,"column":53}},"160":{"start":{"line":161,"column":0},"end":{"line":161,"column":55}},"161":{"start":{"line":162,"column":0},"end":{"line":162,"column":128}},"162":{"start":{"line":163,"column":0},"end":{"line":163,"column":33}},"163":{"start":{"line":164,"column":0},"end":{"line":164,"column":5}},"165":{"start":{"line":166,"column":0},"end":{"line":166,"column":75}},"166":{"start":{"line":167,"column":0},"end":{"line":167,"column":86}},"167":{"start":{"line":168,"column":0},"end":{"line":168,"column":53}},"168":{"start":{"line":169,"column":0},"end":{"line":169,"column":54}},"169":{"start":{"line":170,"column":0},"end":{"line":170,"column":128}},"170":{"start":{"line":171,"column":0},"end":{"line":171,"column":33}},"171":{"start":{"line":172,"column":0},"end":{"line":172,"column":5}},"173":{"start":{"line":174,"column":0},"end":{"line":174,"column":80}},"174":{"start":{"line":175,"column":0},"end":{"line":175,"column":86}},"175":{"start":{"line":176,"column":0},"end":{"line":176,"column":53}},"176":{"start":{"line":177,"column":0},"end":{"line":177,"column":54}},"177":{"start":{"line":178,"column":0},"end":{"line":178,"column":128}},"178":{"start":{"line":179,"column":0},"end":{"line":179,"column":33}},"179":{"start":{"line":180,"column":0},"end":{"line":180,"column":5}},"181":{"start":{"line":182,"column":0},"end":{"line":182,"column":58}},"182":{"start":{"line":183,"column":0},"end":{"line":183,"column":86}},"183":{"start":{"line":184,"column":0},"end":{"line":184,"column":79}},"184":{"start":{"line":185,"column":0},"end":{"line":185,"column":58}},"185":{"start":{"line":186,"column":0},"end":{"line":186,"column":5}},"187":{"start":{"line":188,"column":0},"end":{"line":188,"column":58}},"188":{"start":{"line":189,"column":0},"end":{"line":189,"column":86}},"189":{"start":{"line":190,"column":0},"end":{"line":190,"column":83}},"190":{"start":{"line":191,"column":0},"end":{"line":191,"column":60}},"191":{"start":{"line":192,"column":0},"end":{"line":192,"column":5}},"193":{"start":{"line":194,"column":0},"end":{"line":194,"column":61}},"194":{"start":{"line":195,"column":0},"end":{"line":195,"column":86}},"195":{"start":{"line":196,"column":0},"end":{"line":196,"column":21}},"196":{"start":{"line":197,"column":0},"end":{"line":197,"column":14}},"197":{"start":{"line":198,"column":0},"end":{"line":198,"column":22}},"198":{"start":{"line":199,"column":0},"end":{"line":199,"column":26}},"199":{"start":{"line":200,"column":0},"end":{"line":200,"column":22}},"200":{"start":{"line":201,"column":0},"end":{"line":201,"column":18}},"201":{"start":{"line":202,"column":0},"end":{"line":202,"column":17}},"202":{"start":{"line":203,"column":0},"end":{"line":203,"column":21}},"203":{"start":{"line":204,"column":0},"end":{"line":204,"column":6}},"204":{"start":{"line":205,"column":0},"end":{"line":205,"column":63}},"205":{"start":{"line":206,"column":0},"end":{"line":206,"column":137}},"206":{"start":{"line":207,"column":0},"end":{"line":207,"column":5}},"208":{"start":{"line":209,"column":0},"end":{"line":209,"column":71}},"209":{"start":{"line":210,"column":0},"end":{"line":210,"column":86}},"210":{"start":{"line":211,"column":0},"end":{"line":211,"column":67}},"211":{"start":{"line":212,"column":0},"end":{"line":212,"column":40}},"212":{"start":{"line":213,"column":0},"end":{"line":213,"column":5}},"214":{"start":{"line":215,"column":0},"end":{"line":215,"column":61}},"215":{"start":{"line":216,"column":0},"end":{"line":216,"column":86}},"216":{"start":{"line":217,"column":0},"end":{"line":217,"column":36}},"217":{"start":{"line":218,"column":0},"end":{"line":218,"column":53}},"218":{"start":{"line":219,"column":0},"end":{"line":219,"column":291}},"219":{"start":{"line":220,"column":0},"end":{"line":220,"column":5}},"221":{"start":{"line":222,"column":0},"end":{"line":222,"column":105}},"222":{"start":{"line":223,"column":0},"end":{"line":223,"column":86}},"223":{"start":{"line":224,"column":0},"end":{"line":224,"column":57}},"224":{"start":{"line":225,"column":0},"end":{"line":225,"column":53}},"225":{"start":{"line":226,"column":0},"end":{"line":226,"column":297}},"226":{"start":{"line":227,"column":0},"end":{"line":227,"column":5}},"228":{"start":{"line":229,"column":0},"end":{"line":229,"column":60}},"229":{"start":{"line":230,"column":0},"end":{"line":230,"column":86}},"230":{"start":{"line":231,"column":0},"end":{"line":231,"column":55}},"231":{"start":{"line":232,"column":0},"end":{"line":232,"column":52}},"232":{"start":{"line":233,"column":0},"end":{"line":233,"column":71}},"233":{"start":{"line":234,"column":0},"end":{"line":234,"column":5}},"235":{"start":{"line":236,"column":0},"end":{"line":236,"column":72}},"236":{"start":{"line":237,"column":0},"end":{"line":237,"column":86}},"237":{"start":{"line":238,"column":0},"end":{"line":238,"column":36}},"238":{"start":{"line":239,"column":0},"end":{"line":239,"column":55}},"239":{"start":{"line":240,"column":0},"end":{"line":240,"column":60}},"240":{"start":{"line":241,"column":0},"end":{"line":241,"column":332}},"241":{"start":{"line":242,"column":0},"end":{"line":242,"column":5}},"242":{"start":{"line":243,"column":0},"end":{"line":243,"column":3}}},"s":{"0":1,"2":1,"4":1,"5":1,"6":1,"7":1,"8":1,"9":1,"11":1,"12":1,"13":1,"14":1,"15":1,"17":1,"18":1,"19":1,"20":1,"21":1,"23":1,"24":1,"25":1,"26":1,"27":1,"29":1,"30":1,"31":1,"32":1,"33":1,"34":1,"35":1,"37":1,"38":1,"39":1,"40":1,"41":1,"42":1,"43":1,"45":1,"46":1,"47":1,"48":1,"49":1,"51":1,"52":1,"53":1,"54":1,"55":1,"56":1,"57":1,"59":1,"60":1,"61":1,"62":1,"63":1,"64":1,"65":1,"67":1,"68":1,"69":1,"70":1,"71":1,"73":1,"74":1,"75":1,"76":1,"77":1,"79":1,"80":1,"81":1,"82":1,"83":1,"85":1,"86":1,"87":1,"88":1,"89":1,"90":1,"91":1,"93":1,"94":1,"95":1,"96":1,"97":1,"98":1,"99":1,"101":1,"102":1,"103":1,"104":1,"105":1,"106":1,"107":1,"109":1,"110":1,"111":1,"112":1,"113":1,"115":1,"116":1,"117":1,"118":1,"119":1,"120":1,"121":1,"123":1,"124":1,"125":1,"126":1,"127":1,"128":1,"129":1,"131":1,"132":1,"133":1,"134":1,"135":1,"136":1,"137":1,"139":1,"140":1,"141":1,"142":1,"143":1,"145":1,"146":1,"147":1,"148":1,"149":1,"151":1,"152":1,"153":1,"154":1,"155":1,"157":1,"158":1,"159":1,"160":1,"161":1,"162":1,"163":1,"165":1,"166":1,"167":1,"168":1,"169":1,"170":1,"171":1,"173":1,"174":1,"175":1,"176":1,"177":1,"178":1,"179":1,"181":1,"182":1,"183":1,"184":1,"185":1,"187":1,"188":1,"189":1,"190":1,"191":1,"193":1,"194":1,"195":1,"196":1,"197":1,"198":1,"199":1,"200":1,"201":1,"202":1,"203":1,"204":1,"205":1,"206":1,"208":1,"209":1,"210":1,"211":1,"212":1,"214":1,"215":1,"216":1,"217":1,"218":1,"219":1,"221":1,"222":1,"223":1,"224":1,"225":1,"226":1,"228":1,"229":1,"230":1,"231":1,"232":1,"233":1,"235":1,"236":1,"237":1,"238":1,"239":1,"240":1,"241":1,"242":1},"branchMap":{"0":{"type":"branch","line":5,"loc":{"start":{"line":5,"column":32},"end":{"line":243,"column":3}},"locations":[{"start":{"line":5,"column":32},"end":{"line":243,"column":3}}]},"1":{"type":"branch","line":6,"loc":{"start":{"line":6,"column":64},"end":{"line":10,"column":3}},"locations":[{"start":{"line":6,"column":64},"end":{"line":10,"column":3}}]},"2":{"type":"branch","line":12,"loc":{"start":{"line":12,"column":68},"end":{"line":16,"column":3}},"locations":[{"start":{"line":12,"column":68},"end":{"line":16,"column":3}}]},"3":{"type":"branch","line":18,"loc":{"start":{"line":18,"column":76},"end":{"line":22,"column":3}},"locations":[{"start":{"line":18,"column":76},"end":{"line":22,"column":3}}]},"4":{"type":"branch","line":24,"loc":{"start":{"line":24,"column":59},"end":{"line":28,"column":3}},"locations":[{"start":{"line":24,"column":59},"end":{"line":28,"column":3}}]},"5":{"type":"branch","line":30,"loc":{"start":{"line":30,"column":65},"end":{"line":36,"column":3}},"locations":[{"start":{"line":30,"column":65},"end":{"line":36,"column":3}}]},"6":{"type":"branch","line":38,"loc":{"start":{"line":38,"column":64},"end":{"line":44,"column":3}},"locations":[{"start":{"line":38,"column":64},"end":{"line":44,"column":3}}]},"7":{"type":"branch","line":46,"loc":{"start":{"line":46,"column":50},"end":{"line":50,"column":3}},"locations":[{"start":{"line":46,"column":50},"end":{"line":50,"column":3}}]},"8":{"type":"branch","line":52,"loc":{"start":{"line":52,"column":67},"end":{"line":58,"column":3}},"locations":[{"start":{"line":52,"column":67},"end":{"line":58,"column":3}}]},"9":{"type":"branch","line":60,"loc":{"start":{"line":60,"column":66},"end":{"line":66,"column":3}},"locations":[{"start":{"line":60,"column":66},"end":{"line":66,"column":3}}]},"10":{"type":"branch","line":68,"loc":{"start":{"line":68,"column":49},"end":{"line":72,"column":3}},"locations":[{"start":{"line":68,"column":49},"end":{"line":72,"column":3}}]},"11":{"type":"branch","line":74,"loc":{"start":{"line":74,"column":47},"end":{"line":78,"column":3}},"locations":[{"start":{"line":74,"column":47},"end":{"line":78,"column":3}}]},"12":{"type":"branch","line":80,"loc":{"start":{"line":80,"column":43},"end":{"line":84,"column":3}},"locations":[{"start":{"line":80,"column":43},"end":{"line":84,"column":3}}]},"13":{"type":"branch","line":86,"loc":{"start":{"line":86,"column":60},"end":{"line":92,"column":3}},"locations":[{"start":{"line":86,"column":60},"end":{"line":92,"column":3}}]},"14":{"type":"branch","line":94,"loc":{"start":{"line":94,"column":59},"end":{"line":100,"column":3}},"locations":[{"start":{"line":94,"column":59},"end":{"line":100,"column":3}}]},"15":{"type":"branch","line":102,"loc":{"start":{"line":102,"column":64},"end":{"line":108,"column":3}},"locations":[{"start":{"line":102,"column":64},"end":{"line":108,"column":3}}]},"16":{"type":"branch","line":110,"loc":{"start":{"line":110,"column":49},"end":{"line":114,"column":3}},"locations":[{"start":{"line":110,"column":49},"end":{"line":114,"column":3}}]},"17":{"type":"branch","line":116,"loc":{"start":{"line":116,"column":66},"end":{"line":122,"column":3}},"locations":[{"start":{"line":116,"column":66},"end":{"line":122,"column":3}}]},"18":{"type":"branch","line":124,"loc":{"start":{"line":124,"column":65},"end":{"line":130,"column":3}},"locations":[{"start":{"line":124,"column":65},"end":{"line":130,"column":3}}]},"19":{"type":"branch","line":132,"loc":{"start":{"line":132,"column":70},"end":{"line":138,"column":3}},"locations":[{"start":{"line":132,"column":70},"end":{"line":138,"column":3}}]},"20":{"type":"branch","line":140,"loc":{"start":{"line":140,"column":43},"end":{"line":144,"column":3}},"locations":[{"start":{"line":140,"column":43},"end":{"line":144,"column":3}}]},"21":{"type":"branch","line":146,"loc":{"start":{"line":146,"column":48},"end":{"line":150,"column":3}},"locations":[{"start":{"line":146,"column":48},"end":{"line":150,"column":3}}]},"22":{"type":"branch","line":152,"loc":{"start":{"line":152,"column":46},"end":{"line":156,"column":3}},"locations":[{"start":{"line":152,"column":46},"end":{"line":156,"column":3}}]},"23":{"type":"branch","line":158,"loc":{"start":{"line":158,"column":63},"end":{"line":164,"column":3}},"locations":[{"start":{"line":158,"column":63},"end":{"line":164,"column":3}}]},"24":{"type":"branch","line":166,"loc":{"start":{"line":166,"column":62},"end":{"line":172,"column":3}},"locations":[{"start":{"line":166,"column":62},"end":{"line":172,"column":3}}]},"25":{"type":"branch","line":174,"loc":{"start":{"line":174,"column":67},"end":{"line":180,"column":3}},"locations":[{"start":{"line":174,"column":67},"end":{"line":180,"column":3}}]},"26":{"type":"branch","line":182,"loc":{"start":{"line":182,"column":45},"end":{"line":186,"column":3}},"locations":[{"start":{"line":182,"column":45},"end":{"line":186,"column":3}}]},"27":{"type":"branch","line":188,"loc":{"start":{"line":188,"column":45},"end":{"line":192,"column":3}},"locations":[{"start":{"line":188,"column":45},"end":{"line":192,"column":3}}]},"28":{"type":"branch","line":194,"loc":{"start":{"line":194,"column":48},"end":{"line":207,"column":3}},"locations":[{"start":{"line":194,"column":48},"end":{"line":207,"column":3}}]},"29":{"type":"branch","line":209,"loc":{"start":{"line":209,"column":58},"end":{"line":213,"column":3}},"locations":[{"start":{"line":209,"column":58},"end":{"line":213,"column":3}}]},"30":{"type":"branch","line":215,"loc":{"start":{"line":215,"column":48},"end":{"line":220,"column":3}},"locations":[{"start":{"line":215,"column":48},"end":{"line":220,"column":3}}]},"31":{"type":"branch","line":222,"loc":{"start":{"line":222,"column":92},"end":{"line":227,"column":3}},"locations":[{"start":{"line":222,"column":92},"end":{"line":227,"column":3}}]},"32":{"type":"branch","line":229,"loc":{"start":{"line":229,"column":47},"end":{"line":234,"column":3}},"locations":[{"start":{"line":229,"column":47},"end":{"line":234,"column":3}}]},"33":{"type":"branch","line":236,"loc":{"start":{"line":236,"column":59},"end":{"line":242,"column":3}},"locations":[{"start":{"line":236,"column":59},"end":{"line":242,"column":3}}]}},"b":{"0":[1],"1":[1],"2":[1],"3":[1],"4":[1],"5":[1],"6":[1],"7":[1],"8":[1],"9":[1],"10":[1],"11":[1],"12":[1],"13":[1],"14":[1],"15":[1],"16":[1],"17":[1],"18":[1],"19":[1],"20":[1],"21":[1],"22":[1],"23":[1],"24":[1],"25":[1],"26":[1],"27":[1],"28":[1],"29":[1],"30":[1],"31":[1],"32":[1],"33":[1]},"fnMap":{},"f":{}}
,"/Users/alvarosabu/Projects/storyblok/storyblok-richtext/src/images-optimization.ts": {"path":"/Users/alvarosabu/Projects/storyblok/storyblok-richtext/src/images-optimization.ts","all":false,"statementMap":{"2":{"start":{"line":3,"column":0},"end":{"line":3,"column":161}},"3":{"start":{"line":4,"column":0},"end":{"line":4,"column":17}},"4":{"start":{"line":5,"column":0},"end":{"line":5,"column":30}},"5":{"start":{"line":6,"column":0},"end":{"line":6,"column":3}},"6":{"start":{"line":7,"column":0},"end":{"line":7,"column":12}},"7":{"start":{"line":8,"column":0},"end":{"line":8,"column":12}},"8":{"start":{"line":9,"column":0},"end":{"line":9,"column":44}},"9":{"start":{"line":10,"column":0},"end":{"line":10,"column":36}},"11":{"start":{"line":12,"column":0},"end":{"line":12,"column":120}},"12":{"start":{"line":13,"column":0},"end":{"line":13,"column":68}},"13":{"start":{"line":14,"column":0},"end":{"line":14,"column":157}},"14":{"start":{"line":15,"column":0},"end":{"line":15,"column":5}},"15":{"start":{"line":16,"column":0},"end":{"line":16,"column":10}},"16":{"start":{"line":17,"column":0},"end":{"line":17,"column":47}},"17":{"start":{"line":18,"column":0},"end":{"line":18,"column":5}},"18":{"start":{"line":19,"column":0},"end":{"line":19,"column":3}},"20":{"start":{"line":21,"column":0},"end":{"line":21,"column":36}},"21":{"start":{"line":22,"column":0},"end":{"line":22,"column":65}},"22":{"start":{"line":23,"column":0},"end":{"line":23,"column":34}},"23":{"start":{"line":24,"column":0},"end":{"line":24,"column":24}},"24":{"start":{"line":25,"column":0},"end":{"line":25,"column":5}},"25":{"start":{"line":26,"column":0},"end":{"line":26,"column":10}},"26":{"start":{"line":27,"column":0},"end":{"line":27,"column":88}},"27":{"start":{"line":28,"column":0},"end":{"line":28,"column":5}},"28":{"start":{"line":29,"column":0},"end":{"line":29,"column":85}},"29":{"start":{"line":30,"column":0},"end":{"line":30,"column":36}},"30":{"start":{"line":31,"column":0},"end":{"line":31,"column":25}},"31":{"start":{"line":32,"column":0},"end":{"line":32,"column":5}},"32":{"start":{"line":33,"column":0},"end":{"line":33,"column":10}},"33":{"start":{"line":34,"column":0},"end":{"line":34,"column":89}},"34":{"start":{"line":35,"column":0},"end":{"line":35,"column":5}},"35":{"start":{"line":36,"column":0},"end":{"line":36,"column":73}},"36":{"start":{"line":37,"column":0},"end":{"line":37,"column":38}},"37":{"start":{"line":38,"column":0},"end":{"line":38,"column":5}},"38":{"start":{"line":39,"column":0},"end":{"line":39,"column":24}},"39":{"start":{"line":40,"column":0},"end":{"line":40,"column":34}},"40":{"start":{"line":41,"column":0},"end":{"line":41,"column":5}},"42":{"start":{"line":43,"column":0},"end":{"line":43,"column":26}},"43":{"start":{"line":44,"column":0},"end":{"line":44,"column":40}},"44":{"start":{"line":45,"column":0},"end":{"line":45,"column":91}},"46":{"start":{"line":47,"column":0},"end":{"line":47,"column":17}},"47":{"start":{"line":48,"column":0},"end":{"line":48,"column":71}},"48":{"start":{"line":49,"column":0},"end":{"line":49,"column":7}},"49":{"start":{"line":50,"column":0},"end":{"line":50,"column":20}},"50":{"start":{"line":51,"column":0},"end":{"line":51,"column":77}},"51":{"start":{"line":52,"column":0},"end":{"line":52,"column":7}},"52":{"start":{"line":53,"column":0},"end":{"line":53,"column":23}},"53":{"start":{"line":54,"column":0},"end":{"line":54,"column":83}},"54":{"start":{"line":55,"column":0},"end":{"line":55,"column":7}},"55":{"start":{"line":56,"column":0},"end":{"line":56,"column":17}},"56":{"start":{"line":57,"column":0},"end":{"line":57,"column":43}},"57":{"start":{"line":58,"column":0},"end":{"line":58,"column":7}},"58":{"start":{"line":59,"column":0},"end":{"line":59,"column":22}},"59":{"start":{"line":60,"column":0},"end":{"line":60,"column":41}},"60":{"start":{"line":61,"column":0},"end":{"line":61,"column":7}},"61":{"start":{"line":62,"column":0},"end":{"line":62,"column":78}},"62":{"start":{"line":63,"column":0},"end":{"line":63,"column":47}},"63":{"start":{"line":64,"column":0},"end":{"line":64,"column":7}},"64":{"start":{"line":65,"column":0},"end":{"line":65,"column":63}},"65":{"start":{"line":66,"column":0},"end":{"line":66,"column":47}},"66":{"start":{"line":67,"column":0},"end":{"line":67,"column":7}},"67":{"start":{"line":68,"column":0},"end":{"line":68,"column":5}},"70":{"start":{"line":71,"column":0},"end":{"line":71,"column":25}},"71":{"start":{"line":72,"column":0},"end":{"line":72,"column":72}},"72":{"start":{"line":73,"column":0},"end":{"line":73,"column":40}},"73":{"start":{"line":74,"column":0},"end":{"line":74,"column":119}},"74":{"start":{"line":75,"column":0},"end":{"line":75,"column":9}},"75":{"start":{"line":76,"column":0},"end":{"line":76,"column":57}},"76":{"start":{"line":77,"column":0},"end":{"line":77,"column":50}},"77":{"start":{"line":78,"column":0},"end":{"line":78,"column":142}},"78":{"start":{"line":79,"column":0},"end":{"line":79,"column":9}},"79":{"start":{"line":80,"column":0},"end":{"line":80,"column":14}},"80":{"start":{"line":81,"column":0},"end":{"line":81,"column":104}},"81":{"start":{"line":82,"column":0},"end":{"line":82,"column":27}},"82":{"start":{"line":83,"column":0},"end":{"line":83,"column":9}},"83":{"start":{"line":84,"column":0},"end":{"line":84,"column":20}},"84":{"start":{"line":85,"column":0},"end":{"line":85,"column":5}},"87":{"start":{"line":88,"column":0},"end":{"line":88,"column":24}},"88":{"start":{"line":89,"column":0},"end":{"line":89,"column":45}},"89":{"start":{"line":90,"column":0},"end":{"line":90,"column":5}},"90":{"start":{"line":91,"column":0},"end":{"line":91,"column":3}},"94":{"start":{"line":95,"column":0},"end":{"line":95,"column":30}},"95":{"start":{"line":96,"column":0},"end":{"line":96,"column":23}},"96":{"start":{"line":97,"column":0},"end":{"line":97,"column":41}},"97":{"start":{"line":98,"column":0},"end":{"line":98,"column":3}},"98":{"start":{"line":99,"column":0},"end":{"line":99,"column":32}},"99":{"start":{"line":100,"column":0},"end":{"line":100,"column":64}},"100":{"start":{"line":101,"column":0},"end":{"line":101,"column":3}},"102":{"start":{"line":103,"column":0},"end":{"line":103,"column":10}},"103":{"start":{"line":104,"column":0},"end":{"line":104,"column":19}},"104":{"start":{"line":105,"column":0},"end":{"line":105,"column":10}},"105":{"start":{"line":106,"column":0},"end":{"line":106,"column":4}},"106":{"start":{"line":107,"column":0},"end":{"line":107,"column":1}}},"s":{"2":1,"3":34,"4":2,"5":2,"6":32,"7":32,"8":32,"9":32,"11":32,"12":15,"13":9,"14":9,"15":6,"16":6,"17":6,"18":15,"20":34,"21":30,"22":4,"23":4,"24":4,"25":26,"26":26,"27":26,"28":30,"29":4,"30":4,"31":4,"32":26,"33":26,"34":26,"35":30,"36":1,"37":1,"38":30,"39":1,"40":1,"42":30,"43":18,"44":18,"46":18,"47":5,"48":5,"49":18,"50":5,"51":5,"52":18,"53":5,"54":5,"55":18,"56":2,"57":2,"58":18,"59":2,"60":2,"61":18,"62":2,"63":2,"64":18,"65":2,"66":2,"67":18,"70":30,"71":3,"72":9,"73":6,"74":6,"75":9,"76":3,"77":3,"78":3,"79":0,"80":0,"81":0,"82":0,"83":3,"84":3,"87":30,"88":2,"89":2,"90":30,"94":32,"95":34,"96":2,"97":2,"98":34,"99":8,"100":8,"102":32,"103":32,"104":32,"105":32,"106":32},"branchMap":{"0":{"type":"branch","line":3,"loc":{"start":{"line":3,"column":7},"end":{"line":107,"column":1}},"locations":[{"start":{"line":3,"column":7},"end":{"line":107,"column":1}}]},"1":{"type":"branch","line":4,"loc":{"start":{"line":4,"column":16},"end":{"line":6,"column":3}},"locations":[{"start":{"line":4,"column":16},"end":{"line":6,"column":3}}]},"2":{"type":"branch","line":6,"loc":{"start":{"line":6,"column":2},"end":{"line":21,"column":35}},"locations":[{"start":{"line":6,"column":2},"end":{"line":21,"column":35}}]},"3":{"type":"branch","line":21,"loc":{"start":{"line":21,"column":35},"end":{"line":91,"column":3}},"locations":[{"start":{"line":21,"column":35},"end":{"line":91,"column":3}}]},"4":{"type":"branch","line":22,"loc":{"start":{"line":22,"column":33},"end":{"line":22,"column":64}},"locations":[{"start":{"line":22,"column":33},"end":{"line":22,"column":64}}]},"5":{"type":"branch","line":22,"loc":{"start":{"line":22,"column":64},"end":{"line":25,"column":5}},"locations":[{"start":{"line":22,"column":64},"end":{"line":25,"column":5}}]},"6":{"type":"branch","line":25,"loc":{"start":{"line":25,"column":4},"end":{"line":28,"column":5}},"locations":[{"start":{"line":25,"column":4},"end":{"line":28,"column":5}}]},"7":{"type":"branch","line":29,"loc":{"start":{"line":29,"column":16},"end":{"line":29,"column":64}},"locations":[{"start":{"line":29,"column":16},"end":{"line":29,"column":64}}]},"8":{"type":"branch","line":29,"loc":{"start":{"line":29,"column":52},"end":{"line":29,"column":84}},"locations":[{"start":{"line":29,"column":52},"end":{"line":29,"column":84}}]},"9":{"type":"branch","line":29,"loc":{"start":{"line":29,"column":84},"end":{"line":32,"column":5}},"locations":[{"start":{"line":29,"column":84},"end":{"line":32,"column":5}}]},"10":{"type":"branch","line":32,"loc":{"start":{"line":32,"column":4},"end":{"line":35,"column":5}},"locations":[{"start":{"line":32,"column":4},"end":{"line":35,"column":5}}]},"11":{"type":"branch","line":36,"loc":{"start":{"line":36,"column":16},"end":{"line":36,"column":72}},"locations":[{"start":{"line":36,"column":16},"end":{"line":36,"column":72}}]},"12":{"type":"branch","line":36,"loc":{"start":{"line":36,"column":72},"end":{"line":38,"column":5}},"locations":[{"start":{"line":36,"column":72},"end":{"line":38,"column":5}}]},"13":{"type":"branch","line":39,"loc":{"start":{"line":39,"column":23},"end":{"line":41,"column":5}},"locations":[{"start":{"line":39,"column":23},"end":{"line":41,"column":5}}]},"14":{"type":"branch","line":43,"loc":{"start":{"line":43,"column":25},"end":{"line":68,"column":5}},"locations":[{"start":{"line":43,"column":25},"end":{"line":68,"column":5}}]},"15":{"type":"branch","line":44,"loc":{"start":{"line":44,"column":26},"end":{"line":44,"column":40}},"locations":[{"start":{"line":44,"column":26},"end":{"line":44,"column":40}}]},"16":{"type":"branch","line":45,"loc":{"start":{"line":45,"column":77},"end":{"line":45,"column":91}},"locations":[{"start":{"line":45,"column":77},"end":{"line":45,"column":91}}]},"17":{"type":"branch","line":47,"loc":{"start":{"line":47,"column":16},"end":{"line":49,"column":7}},"locations":[{"start":{"line":47,"column":16},"end":{"line":49,"column":7}}]},"18":{"type":"branch","line":50,"loc":{"start":{"line":50,"column":19},"end":{"line":52,"column":7}},"locations":[{"start":{"line":50,"column":19},"end":{"line":52,"column":7}}]},"19":{"type":"branch","line":53,"loc":{"start":{"line":53,"column":22},"end":{"line":55,"column":7}},"locations":[{"start":{"line":53,"column":22},"end":{"line":55,"column":7}}]},"20":{"type":"branch","line":56,"loc":{"start":{"line":56,"column":16},"end":{"line":58,"column":7}},"locations":[{"start":{"line":56,"column":16},"end":{"line":58,"column":7}}]},"21":{"type":"branch","line":59,"loc":{"start":{"line":59,"column":21},"end":{"line":61,"column":7}},"locations":[{"start":{"line":59,"column":21},"end":{"line":61,"column":7}}]},"22":{"type":"branch","line":62,"loc":{"start":{"line":62,"column":10},"end":{"line":62,"column":77}},"locations":[{"start":{"line":62,"column":10},"end":{"line":62,"column":77}}]},"23":{"type":"branch","line":62,"loc":{"start":{"line":62,"column":63},"end":{"line":62,"column":74}},"locations":[{"start":{"line":62,"column":63},"end":{"line":62,"column":74}}]},"24":{"type":"branch","line":62,"loc":{"start":{"line":62,"column":77},"end":{"line":64,"column":7}},"locations":[{"start":{"line":62,"column":77},"end":{"line":64,"column":7}}]},"25":{"type":"branch","line":65,"loc":{"start":{"line":65,"column":10},"end":{"line":65,"column":62}},"locations":[{"start":{"line":65,"column":10},"end":{"line":65,"column":62}}]},"26":{"type":"branch","line":65,"loc":{"start":{"line":65,"column":62},"end":{"line":67,"column":7}},"locations":[{"start":{"line":65,"column":62},"end":{"line":67,"column":7}}]},"27":{"type":"branch","line":71,"loc":{"start":{"line":71,"column":24},"end":{"line":85,"column":5}},"locations":[{"start":{"line":71,"column":24},"end":{"line":85,"column":5}}]},"28":{"type":"branch","line":88,"loc":{"start":{"line":88,"column":23},"end":{"line":90,"column":5}},"locations":[{"start":{"line":88,"column":23},"end":{"line":90,"column":5}}]},"29":{"type":"branch","line":91,"loc":{"start":{"line":91,"column":2},"end":{"line":96,"column":15}},"locations":[{"start":{"line":91,"column":2},"end":{"line":96,"column":15}}]},"30":{"type":"branch","line":96,"loc":{"start":{"line":96,"column":10},"end":{"line":96,"column":22}},"locations":[{"start":{"line":96,"column":10},"end":{"line":96,"column":22}}]},"31":{"type":"branch","line":96,"loc":{"start":{"line":96,"column":22},"end":{"line":98,"column":3}},"locations":[{"start":{"line":96,"column":22},"end":{"line":98,"column":3}}]},"32":{"type":"branch","line":98,"loc":{"start":{"line":98,"column":2},"end":{"line":99,"column":31}},"locations":[{"start":{"line":98,"column":2},"end":{"line":99,"column":31}}]},"33":{"type":"branch","line":99,"loc":{"start":{"line":99,"column":31},"end":{"line":101,"column":3}},"locations":[{"start":{"line":99,"column":31},"end":{"line":101,"column":3}}]},"34":{"type":"branch","line":101,"loc":{"start":{"line":101,"column":2},"end":{"line":107,"column":1}},"locations":[{"start":{"line":101,"column":2},"end":{"line":107,"column":1}}]},"35":{"type":"branch","line":12,"loc":{"start":{"line":12,"column":2},"end":{"line":19,"column":3}},"locations":[{"start":{"line":12,"column":2},"end":{"line":19,"column":3}}]},"36":{"type":"branch","line":13,"loc":{"start":{"line":13,"column":25},"end":{"line":13,"column":53}},"locations":[{"start":{"line":13,"column":25},"end":{"line":13,"column":53}}]},"37":{"type":"branch","line":13,"loc":{"start":{"line":13,"column":46},"end":{"line":13,"column":67}},"locations":[{"start":{"line":13,"column":46},"end":{"line":13,"column":67}}]},"38":{"type":"branch","line":13,"loc":{"start":{"line":13,"column":67},"end":{"line":15,"column":5}},"locations":[{"start":{"line":13,"column":67},"end":{"line":15,"column":5}}]},"39":{"type":"branch","line":15,"loc":{"start":{"line":15,"column":4},"end":{"line":18,"column":5}},"locations":[{"start":{"line":15,"column":4},"end":{"line":18,"column":5}}]},"40":{"type":"branch","line":72,"loc":{"start":{"line":72,"column":40},"end":{"line":84,"column":7}},"locations":[{"start":{"line":72,"column":40},"end":{"line":84,"column":7}}]},"41":{"type":"branch","line":73,"loc":{"start":{"line":73,"column":39},"end":{"line":75,"column":9}},"locations":[{"start":{"line":73,"column":39},"end":{"line":75,"column":9}}]},"42":{"type":"branch","line":74,"loc":{"start":{"line":74,"column":62},"end":{"line":74,"column":104}},"locations":[{"start":{"line":74,"column":62},"end":{"line":74,"column":104}}]},"43":{"type":"branch","line":75,"loc":{"start":{"line":75,"column":8},"end":{"line":76,"column":56}},"locations":[{"start":{"line":75,"column":8},"end":{"line":76,"column":56}}]},"44":{"type":"branch","line":76,"loc":{"start":{"line":76,"column":56},"end":{"line":79,"column":9}},"locations":[{"start":{"line":76,"column":56},"end":{"line":79,"column":9}}]},"45":{"type":"branch","line":78,"loc":{"start":{"line":78,"column":80},"end":{"line":78,"column":122}},"locations":[{"start":{"line":78,"column":80},"end":{"line":78,"column":122}}]},"46":{"type":"branch","line":79,"loc":{"start":{"line":79,"column":8},"end":{"line":83,"column":9}},"locations":[{"start":{"line":79,"column":8},"end":{"line":83,"column":9}}]}},"b":{"0":[34],"1":[2],"2":[32],"3":[30],"4":[5],"5":[4],"6":[26],"7":[6],"8":[5],"9":[4],"10":[26],"11":[1],"12":[1],"13":[1],"14":[18],"15":[0],"16":[0],"17":[5],"18":[5],"19":[5],"20":[2],"21":[2],"22":[2],"23":[0],"24":[2],"25":[2],"26":[2],"27":[3],"28":[2],"29":[32],"30":[4],"31":[2],"32":[32],"33":[8],"34":[32],"35":[15],"36":[12],"37":[9],"38":[9],"39":[6],"40":[9],"41":[6],"42":[0],"43":[3],"44":[3],"45":[0],"46":[0]},"fnMap":{"0":{"name":"optimizeImage","decl":{"start":{"line":3,"column":7},"end":{"line":107,"column":1}},"loc":{"start":{"line":3,"column":7},"end":{"line":107,"column":1}},"line":3},"1":{"name":"validateAndPushFilterParam","decl":{"start":{"line":12,"column":2},"end":{"line":19,"column":3}},"loc":{"start":{"line":12,"column":2},"end":{"line":19,"column":3}},"line":12}},"f":{"0":34,"1":15}}
,"/Users/alvarosabu/Projects/storyblok/storyblok-richtext/src/richtext.test.ts": {"path":"/Users/alvarosabu/Projects/storyblok/storyblok-richtext/src/richtext.test.ts","all":false,"statementMap":{"0":{"start":{"line":1,"column":0},"end":{"line":1,"column":46}},"1":{"start":{"line":2,"column":0},"end":{"line":2,"column":46}},"2":{"start":{"line":3,"column":0},"end":{"line":3,"column":41}},"4":{"start":{"line":5,"column":0},"end":{"line":5,"column":112}},"5":{"start":{"line":6,"column":0},"end":{"line":6,"column":52}},"7":{"start":{"line":8,"column":0},"end":{"line":8,"column":28}},"8":{"start":{"line":9,"column":0},"end":{"line":9,"column":32}},"9":{"start":{"line":10,"column":0},"end":{"line":10,"column":49}},"10":{"start":{"line":11,"column":0},"end":{"line":11,"column":46}},"11":{"start":{"line":12,"column":0},"end":{"line":12,"column":25}},"12":{"start":{"line":13,"column":0},"end":{"line":13,"column":26}},"13":{"start":{"line":14,"column":0},"end":{"line":14,"column":18}},"14":{"start":{"line":15,"column":0},"end":{"line":15,"column":11}},"15":{"start":{"line":16,"column":0},"end":{"line":16,"column":25}},"16":{"start":{"line":17,"column":0},"end":{"line":17,"column":34}},"17":{"start":{"line":18,"column":0},"end":{"line":18,"column":12}},"18":{"start":{"line":19,"column":0},"end":{"line":19,"column":10}},"19":{"start":{"line":20,"column":0},"end":{"line":20,"column":8}},"20":{"start":{"line":21,"column":0},"end":{"line":21,"column":70}},"21":{"start":{"line":22,"column":0},"end":{"line":22,"column":48}},"22":{"start":{"line":23,"column":0},"end":{"line":23,"column":7}},"24":{"start":{"line":25,"column":0},"end":{"line":25,"column":67}},"25":{"start":{"line":26,"column":0},"end":{"line":26,"column":43}},"26":{"start":{"line":27,"column":0},"end":{"line":27,"column":29}},"27":{"start":{"line":28,"column":0},"end":{"line":28,"column":9}},"28":{"start":{"line":29,"column":0},"end":{"line":29,"column":25}},"29":{"start":{"line":30,"column":0},"end":{"line":30,"column":26}},"30":{"start":{"line":31,"column":0},"end":{"line":31,"column":18}},"31":{"start":{"line":32,"column":0},"end":{"line":32,"column":11}},"32":{"start":{"line":33,"column":0},"end":{"line":33,"column":25}},"33":{"start":{"line":34,"column":0},"end":{"line":34,"column":34}},"34":{"start":{"line":35,"column":0},"end":{"line":35,"column":12}},"35":{"start":{"line":36,"column":0},"end":{"line":36,"column":10}},"36":{"start":{"line":37,"column":0},"end":{"line":37,"column":8}},"37":{"start":{"line":38,"column":0},"end":{"line":38,"column":70}},"38":{"start":{"line":39,"column":0},"end":{"line":39,"column":58}},"39":{"start":{"line":40,"column":0},"end":{"line":40,"column":7}},"41":{"start":{"line":42,"column":0},"end":{"line":42,"column":49}},"42":{"start":{"line":43,"column":0},"end":{"line":43,"column":46}},"43":{"start":{"line":44,"column":0},"end":{"line":44,"column":23}},"44":{"start":{"line":45,"column":0},"end":{"line":45,"column":24}},"45":{"start":{"line":46,"column":0},"end":{"line":46,"column":16}},"46":{"start":{"line":47,"column":0},"end":{"line":47,"column":19}},"47":{"start":{"line":48,"column":0},"end":{"line":48,"column":10}},"48":{"start":{"line":49,"column":0},"end":{"line":49,"column":18}},"49":{"start":{"line":50,"column":0},"end":{"line":50,"column":11}},"50":{"start":{"line":51,"column":0},"end":{"line":51,"column":31}},"51":{"start":{"line":52,"column":0},"end":{"line":52,"column":25}},"52":{"start":{"line":53,"column":0},"end":{"line":53,"column":12}},"53":{"start":{"line":54,"column":0},"end":{"line":54,"column":10}},"54":{"start":{"line":55,"column":0},"end":{"line":55,"column":8}},"55":{"start":{"line":56,"column":0},"end":{"line":56,"column":79}},"56":{"start":{"line":57,"column":0},"end":{"line":57,"column":47}},"57":{"start":{"line":58,"column":0},"end":{"line":58,"column":7}},"59":{"start":{"line":60,"column":0},"end":{"line":60,"column":63}},"60":{"start":{"line":61,"column":0},"end":{"line":61,"column":43}},"61":{"start":{"line":62,"column":0},"end":{"line":62,"column":29}},"62":{"start":{"line":63,"column":0},"end":{"line":63,"column":9}},"63":{"start":{"line":64,"column":0},"end":{"line":64,"column":23}},"64":{"start":{"line":65,"column":0},"end":{"line":65,"column":24}},"65":{"start":{"line":66,"column":0},"end":{"line":66,"column":16}},"66":{"start":{"line":67,"column":0},"end":{"line":67,"column":19}},"67":{"start":{"line":68,"column":0},"end":{"line":68,"column":10}},"68":{"start":{"line":69,"column":0},"end":{"line":69,"column":18}},"69":{"start":{"line":70,"column":0},"end":{"line":70,"column":11}},"70":{"start":{"line":71,"column":0},"end":{"line":71,"column":31}},"71":{"start":{"line":72,"column":0},"end":{"line":72,"column":25}},"72":{"start":{"line":73,"column":0},"end":{"line":73,"column":12}},"73":{"start":{"line":74,"column":0},"end":{"line":74,"column":10}},"74":{"start":{"line":75,"column":0},"end":{"line":75,"column":8}},"75":{"start":{"line":76,"column":0},"end":{"line":76,"column":79}},"76":{"start":{"line":77,"column":0},"end":{"line":77,"column":58}},"77":{"start":{"line":78,"column":0},"end":{"line":78,"column":7}},"79":{"start":{"line":80,"column":0},"end":{"line":80,"column":55}},"80":{"start":{"line":81,"column":0},"end":{"line":81,"column":46}},"81":{"start":{"line":82,"column":0},"end":{"line":82,"column":20}},"82":{"start":{"line":83,"column":0},"end":{"line":83,"column":28}},"83":{"start":{"line":84,"column":0},"end":{"line":84,"column":18}},"84":{"start":{"line":85,"column":0},"end":{"line":85,"column":11}},"85":{"start":{"line":86,"column":0},"end":{"line":86,"column":30}},"86":{"start":{"line":87,"column":0},"end":{"line":87,"column":22}},"87":{"start":{"line":88,"column":0},"end":{"line":88,"column":15}},"88":{"start":{"line":89,"column":0},"end":{"line":89,"column":29}},"89":{"start":{"line":90,"column":0},"end":{"line":90,"column":31}},"90":{"start":{"line":91,"column":0},"end":{"line":91,"column":16}},"91":{"start":{"line":92,"column":0},"end":{"line":92,"column":14}},"92":{"start":{"line":93,"column":0},"end":{"line":93,"column":12}},"93":{"start":{"line":94,"column":0},"end":{"line":94,"column":11}},"94":{"start":{"line":95,"column":0},"end":{"line":95,"column":30}},"95":{"start":{"line":96,"column":0},"end":{"line":96,"column":22}},"96":{"start":{"line":97,"column":0},"end":{"line":97,"column":15}},"97":{"start":{"line":98,"column":0},"end":{"line":98,"column":29}},"98":{"start":{"line":99,"column":0},"end":{"line":99,"column":31}},"99":{"start":{"line":100,"column":0},"end":{"line":100,"column":16}},"100":{"start":{"line":101,"column":0},"end":{"line":101,"column":14}},"101":{"start":{"line":102,"column":0},"end":{"line":102,"column":12}},"102":{"start":{"line":103,"column":0},"end":{"line":103,"column":10}},"103":{"start":{"line":104,"column":0},"end":{"line":104,"column":8}},"104":{"start":{"line":105,"column":0},"end":{"line":105,"column":65}},"105":{"start":{"line":106,"column":0},"end":{"line":106,"column":67}},"106":{"start":{"line":107,"column":0},"end":{"line":107,"column":7}},"108":{"start":{"line":109,"column":0},"end":{"line":109,"column":84}},"109":{"start":{"line":110,"column":0},"end":{"line":110,"column":43}},"110":{"start":{"line":111,"column":0},"end":{"line":111,"column":29}},"111":{"start":{"line":112,"column":0},"end":{"line":112,"column":9}},"112":{"start":{"line":113,"column":0},"end":{"line":113,"column":20}},"113":{"start":{"line":114,"column":0},"end":{"line":114,"column":28}},"114":{"start":{"line":115,"column":0},"end":{"line":115,"column":18}},"115":{"start":{"line":116,"column":0},"end":{"line":116,"column":11}},"116":{"start":{"line":117,"column":0},"end":{"line":117,"column":30}},"117":{"start":{"line":118,"column":0},"end":{"line":118,"column":22}},"118":{"start":{"line":119,"column":0},"end":{"line":119,"column":15}},"119":{"start":{"line":120,"column":0},"end":{"line":120,"column":29}},"120":{"start":{"line":121,"column":0},"end":{"line":121,"column":31}},"121":{"start":{"line":122,"column":0},"end":{"line":122,"column":16}},"122":{"start":{"line":123,"column":0},"end":{"line":123,"column":14}},"123":{"start":{"line":124,"column":0},"end":{"line":124,"column":12}},"124":{"start":{"line":125,"column":0},"end":{"line":125,"column":11}},"125":{"start":{"line":126,"column":0},"end":{"line":126,"column":30}},"126":{"start":{"line":127,"column":0},"end":{"line":127,"column":22}},"127":{"start":{"line":128,"column":0},"end":{"line":128,"column":15}},"128":{"start":{"line":129,"column":0},"end":{"line":129,"column":29}},"129":{"start":{"line":130,"column":0},"end":{"line":130,"column":31}},"130":{"start":{"line":131,"column":0},"end":{"line":131,"column":16}},"131":{"start":{"line":132,"column":0},"end":{"line":132,"column":14}},"132":{"start":{"line":133,"column":0},"end":{"line":133,"column":12}},"133":{"start":{"line":134,"column":0},"end":{"line":134,"column":10}},"134":{"start":{"line":135,"column":0},"end":{"line":135,"column":8}},"135":{"start":{"line":136,"column":0},"end":{"line":136,"column":65}},"136":{"start":{"line":137,"column":0},"end":{"line":137,"column":100}},"137":{"start":{"line":138,"column":0},"end":{"line":138,"column":7}},"139":{"start":{"line":140,"column":0},"end":{"line":140,"column":53}},"140":{"start":{"line":141,"column":0},"end":{"line":141,"column":46}},"141":{"start":{"line":142,"column":0},"end":{"line":142,"column":20}},"142":{"start":{"line":143,"column":0},"end":{"line":143,"column":29}},"143":{"start":{"line":144,"column":0},"end":{"line":144,"column":28}},"144":{"start":{"line":145,"column":0},"end":{"line":145,"column":18}},"145":{"start":{"line":146,"column":0},"end":{"line":146,"column":11}},"146":{"start":{"line":147,"column":0},"end":{"line":147,"column":30}},"147":{"start":{"line":148,"column":0},"end":{"line":148,"column":22}},"148":{"start":{"line":149,"column":0},"end":{"line":149,"column":15}},"149":{"start":{"line":150,"column":0},"end":{"line":150,"column":29}},"150":{"start":{"line":151,"column":0},"end":{"line":151,"column":31}},"151":{"start":{"line":152,"column":0},"end":{"line":152,"column":16}},"152":{"start":{"line":153,"column":0},"end":{"line":153,"column":14}},"153":{"start":{"line":154,"column":0},"end":{"line":154,"column":12}},"154":{"start":{"line":155,"column":0},"end":{"line":155,"column":11}},"155":{"start":{"line":156,"column":0},"end":{"line":156,"column":30}},"156":{"start":{"line":157,"column":0},"end":{"line":157,"column":22}},"157":{"start":{"line":158,"column":0},"end":{"line":158,"column":15}},"158":{"start":{"line":159,"column":0},"end":{"line":159,"column":29}},"159":{"start":{"line":160,"column":0},"end":{"line":160,"column":31}},"160":{"start":{"line":161,"column":0},"end":{"line":161,"column":16}},"161":{"start":{"line":162,"column":0},"end":{"line":162,"column":14}},"162":{"start":{"line":163,"column":0},"end":{"line":163,"column":12}},"163":{"start":{"line":164,"column":0},"end":{"line":164,"column":10}},"164":{"start":{"line":165,"column":0},"end":{"line":165,"column":8}},"165":{"start":{"line":166,"column":0},"end":{"line":166,"column":76}},"166":{"start":{"line":167,"column":0},"end":{"line":167,"column":77}},"167":{"start":{"line":168,"column":0},"end":{"line":168,"column":7}},"169":{"start":{"line":170,"column":0},"end":{"line":170,"column":57}},"170":{"start":{"line":171,"column":0},"end":{"line":171,"column":46}},"171":{"start":{"line":172,"column":0},"end":{"line":172,"column":21}},"172":{"start":{"line":173,"column":0},"end":{"line":173,"column":22}},"173":{"start":{"line":174,"column":0},"end":{"line":174,"column":16}},"174":{"start":{"line":175,"column":0},"end":{"line":175,"column":47}},"175":{"start":{"line":176,"column":0},"end":{"line":176,"column":26}},"176":{"start":{"line":177,"column":0},"end":{"line":177,"column":35}},"177":{"start":{"line":178,"column":0},"end":{"line":178,"column":30}},"178":{"start":{"line":179,"column":0},"end":{"line":179,"column":28}},"179":{"start":{"line":180,"column":0},"end":{"line":180,"column":22}},"180":{"start":{"line":181,"column":0},"end":{"line":181,"column":28}},"181":{"start":{"line":182,"column":0},"end":{"line":182,"column":37}},"182":{"start":{"line":183,"column":0},"end":{"line":183,"column":32}},"183":{"start":{"line":184,"column":0},"end":{"line":184,"column":12}},"184":{"start":{"line":185,"column":0},"end":{"line":185,"column":10}},"185":{"start":{"line":186,"column":0},"end":{"line":186,"column":8}},"186":{"start":{"line":187,"column":0},"end":{"line":187,"column":77}},"187":{"start":{"line":188,"column":0},"end":{"line":188,"column":101}},"188":{"start":{"line":189,"column":0},"end":{"line":189,"column":7}},"190":{"start":{"line":191,"column":0},"end":{"line":191,"column":64}},"191":{"start":{"line":192,"column":0},"end":{"line":192,"column":43}},"192":{"start":{"line":193,"column":0},"end":{"line":193,"column":29}},"193":{"start":{"line":194,"column":0},"end":{"line":194,"column":9}},"194":{"start":{"line":195,"column":0},"end":{"line":195,"column":21}},"195":{"start":{"line":196,"column":0},"end":{"line":196,"column":22}},"196":{"start":{"line":197,"column":0},"end":{"line":197,"column":16}},"197":{"start":{"line":198,"column":0},"end":{"line":198,"column":47}},"198":{"start":{"line":199,"column":0},"end":{"line":199,"column":26}},"199":{"start":{"line":200,"column":0},"end":{"line":200,"column":10}},"200":{"start":{"line":201,"column":0},"end":{"line":201,"column":8}},"201":{"start":{"line":202,"column":0},"end":{"line":202,"column":77}},"202":{"start":{"line":203,"column":0},"end":{"line":203,"column":96}},"203":{"start":{"line":204,"column":0},"end":{"line":204,"column":7}},"205":{"start":{"line":206,"column":0},"end":{"line":206,"column":51}},"206":{"start":{"line":207,"column":0},"end":{"line":207,"column":43}},"207":{"start":{"line":208,"column":0},"end":{"line":208,"column":29}},"208":{"start":{"line":209,"column":0},"end":{"line":209,"column":9}},"209":{"start":{"line":210,"column":0},"end":{"line":210,"column":21}},"210":{"start":{"line":211,"column":0},"end":{"line":211,"column":22}},"211":{"start":{"line":212,"column":0},"end":{"line":212,"column":16}},"212":{"start":{"line":213,"column":0},"end":{"line":213,"column":47}},"213":{"start":{"line":214,"column":0},"end":{"line":214,"column":26}},"214":{"start":{"line":215,"column":0},"end":{"line":215,"column":28}},"215":{"start":{"line":216,"column":0},"end":{"line":216,"column":22}},"216":{"start":{"line":217,"column":0},"end":{"line":217,"column":28}},"217":{"start":{"line":218,"column":0},"end":{"line":218,"column":30}},"218":{"start":{"line":219,"column":0},"end":{"line":219,"column":12}},"219":{"start":{"line":220,"column":0},"end":{"line":220,"column":10}},"220":{"start":{"line":221,"column":0},"end":{"line":221,"column":8}},"221":{"start":{"line":222,"column":0},"end":{"line":222,"column":77}},"222":{"start":{"line":223,"column":0},"end":{"line":223,"column":104}},"223":{"start":{"line":224,"column":0},"end":{"line":224,"column":7}},"225":{"start":{"line":226,"column":0},"end":{"line":226,"column":55}},"226":{"start":{"line":227,"column":0},"end":{"line":227,"column":46}},"227":{"start":{"line":228,"column":0},"end":{"line":228,"column":37}},"228":{"start":{"line":229,"column":0},"end":{"line":229,"column":13}},"229":{"start":{"line":230,"column":0},"end":{"line":230,"column":13}},"230":{"start":{"line":231,"column":0},"end":{"line":231,"column":16}},"231":{"start":{"line":232,"column":0},"end":{"line":232,"column":8}},"232":{"start":{"line":233,"column":0},"end":{"line":233,"column":22}},"233":{"start":{"line":234,"column":0},"end":{"line":234,"column":17}},"234":{"start":{"line":235,"column":0},"end":{"line":235,"column":17}},"235":{"start":{"line":236,"column":0},"end":{"line":236,"column":21}},"236":{"start":{"line":237,"column":0},"end":{"line":237,"column":8}},"237":{"start":{"line":238,"column":0},"end":{"line":238,"column":47}},"238":{"start":{"line":239,"column":0},"end":{"line":239,"column":22}},"239":{"start":{"line":240,"column":0},"end":{"line":240,"column":60}},"240":{"start":{"line":241,"column":0},"end":{"line":241,"column":10}},"241":{"start":{"line":242,"column":0},"end":{"line":242,"column":67}},"243":{"start":{"line":244,"column":0},"end":{"line":244,"column":47}},"244":{"start":{"line":245,"column":0},"end":{"line":245,"column":9}},"245":{"start":{"line":246,"column":0},"end":{"line":246,"column":7}},"247":{"start":{"line":248,"column":0},"end":{"line":248,"column":46}},"248":{"start":{"line":249,"column":0},"end":{"line":249,"column":46}},"249":{"start":{"line":250,"column":0},"end":{"line":250,"column":21}},"250":{"start":{"line":251,"column":0},"end":{"line":251,"column":22}},"251":{"start":{"line":252,"column":0},"end":{"line":252,"column":16}},"252":{"start":{"line":253,"column":0},"end":{"line":253,"column":22}},"253":{"start":{"line":254,"column":0},"end":{"line":254,"column":10}},"254":{"start":{"line":255,"column":0},"end":{"line":255,"column":8}},"255":{"start":{"line":256,"column":0},"end":{"line":256,"column":77}},"256":{"start":{"line":257,"column":0},"end":{"line":257,"column":240}},"257":{"start":{"line":258,"column":0},"end":{"line":258,"column":7}},"259":{"start":{"line":260,"column":0},"end":{"line":260,"column":50}},"260":{"start":{"line":261,"column":0},"end":{"line":261,"column":46}},"261":{"start":{"line":262,"column":0},"end":{"line":262,"column":20}},"262":{"start":{"line":263,"column":0},"end":{"line":263,"column":27}},"263":{"start":{"line":264,"column":0},"end":{"line":264,"column":18}},"264":{"start":{"line":265,"column":0},"end":{"line":265,"column":11}},"265":{"start":{"line":266,"column":0},"end":{"line":266,"column":49}},"266":{"start":{"line":267,"column":0},"end":{"line":267,"column":25}},"267":{"start":{"line":268,"column":0},"end":{"line":268,"column":12}},"268":{"start":{"line":269,"column":0},"end":{"line":269,"column":10}},"269":{"start":{"line":270,"column":0},"end":{"line":270,"column":8}},"270":{"start":{"line":271,"column":0},"end":{"line":271,"column":65}},"271":{"start":{"line":272,"column":0},"end":{"line":272,"column":116}},"272":{"start":{"line":273,"column":0},"end":{"line":273,"column":7}},"274":{"start":{"line":275,"column":0},"end":{"line":275,"column":55}},"275":{"start":{"line":276,"column":0},"end":{"line":276,"column":46}},"276":{"start":{"line":277,"column":0},"end":{"line":277,"column":18}},"277":{"start":{"line":278,"column":0},"end":{"line":278,"column":32}},"278":{"start":{"line":279,"column":0},"end":{"line":279,"column":8}},"279":{"start":{"line":280,"column":0},"end":{"line":280,"column":63}},"280":{"start":{"line":281,"column":0},"end":{"line":281,"column":32}},"281":{"start":{"line":282,"column":0},"end":{"line":282,"column":7}},"283":{"start":{"line":284,"column":0},"end":{"line":284,"column":45}},"284":{"start":{"line":285,"column":0},"end":{"line":285,"column":46}},"285":{"start":{"line":286,"column":0},"end":{"line":286,"column":18}},"286":{"start":{"line":287,"column":0},"end":{"line":287,"column":27}},"287":{"start":{"line":288,"column":0},"end":{"line":288,"column":8}},"288":{"start":{"line":289,"column":0},"end":{"line":289,"column":63}},"289":{"start":{"line":290,"column":0},"end":{"line":290,"column":32}},"290":{"start":{"line":291,"column":0},"end":{"line":291,"column":7}},"292":{"start":{"line":293,"column":0},"end":{"line":293,"column":45}},"293":{"start":{"line":294,"column":0},"end":{"line":294,"column":46}},"294":{"start":{"line":295,"column":0},"end":{"line":295,"column":21}},"295":{"start":{"line":296,"column":0},"end":{"line":296,"column":27}},"296":{"start":{"line":297,"column":0},"end":{"line":297,"column":18}},"297":{"start":{"line":298,"column":0},"end":{"line":298,"column":11}},"298":{"start":{"line":299,"column":0},"end":{"line":299,"column":30}},"299":{"start":{"line":300,"column":0},"end":{"line":300,"column":22}},"300":{"start":{"line":301,"column":0},"end":{"line":301,"column":15}},"301":{"start":{"line":302,"column":0},"end":{"line":302,"column":29}},"302":{"start":{"line":303,"column":0},"end":{"line":303,"column":30}},"303":{"start":{"line":304,"column":0},"end":{"line":304,"column":16}},"304":{"start":{"line":305,"column":0},"end":{"line":305,"column":14}},"305":{"start":{"line":306,"column":0},"end":{"line":306,"column":12}},"306":{"start":{"line":307,"column":0},"end":{"line":307,"column":10}},"307":{"start":{"line":308,"column":0},"end":{"line":308,"column":8}},"308":{"start":{"line":309,"column":0},"end":{"line":309,"column":77}},"309":{"start":{"line":310,"column":0},"end":{"line":310,"column":65}},"310":{"start":{"line":311,"column":0},"end":{"line":311,"column":7}},"311":{"start":{"line":312,"column":0},"end":{"line":312,"column":5}},"313":{"start":{"line":314,"column":0},"end":{"line":314,"column":44}},"314":{"start":{"line":315,"column":0},"end":{"line":315,"column":53}},"315":{"start":{"line":316,"column":0},"end":{"line":316,"column":46}},"316":{"start":{"line":317,"column":0},"end":{"line":317,"column":20}},"317":{"start":{"line":318,"column":0},"end":{"line":318,"column":26}},"318":{"start":{"line":319,"column":0},"end":{"line":319,"column":18}},"319":{"start":{"line":320,"column":0},"end":{"line":320,"column":11}},"320":{"start":{"line":321,"column":0},"end":{"line":321,"column":36}},"321":{"start":{"line":322,"column":0},"end":{"line":322,"column":25}},"322":{"start":{"line":323,"column":0},"end":{"line":323,"column":58}},"323":{"start":{"line":324,"column":0},"end":{"line":324,"column":12}},"324":{"start":{"line":325,"column":0},"end":{"line":325,"column":10}},"325":{"start":{"line":326,"column":0},"end":{"line":326,"column":8}},"326":{"start":{"line":327,"column":0},"end":{"line":327,"column":76}},"327":{"start":{"line":328,"column":0},"end":{"line":328,"column":76}},"328":{"start":{"line":329,"column":0},"end":{"line":329,"column":7}},"330":{"start":{"line":331,"column":0},"end":{"line":331,"column":60}},"331":{"start":{"line":332,"column":0},"end":{"line":332,"column":46}},"332":{"start":{"line":333,"column":0},"end":{"line":333,"column":20}},"333":{"start":{"line":334,"column":0},"end":{"line":334,"column":26}},"334":{"start":{"line":335,"column":0},"end":{"line":335,"column":18}},"335":{"start":{"line":336,"column":0},"end":{"line":336,"column":11}},"336":{"start":{"line":337,"column":0},"end":{"line":337,"column":36}},"337":{"start":{"line":338,"column":0},"end":{"line":338,"column":25}},"338":{"start":{"line":339,"column":0},"end":{"line":339,"column":111}},"339":{"start":{"line":340,"column":0},"end":{"line":340,"column":12}},"340":{"start":{"line":341,"column":0},"end":{"line":341,"column":10}},"341":{"start":{"line":342,"column":0},"end":{"line":342,"column":8}},"342":{"start":{"line":343,"column":0},"end":{"line":343,"column":76}},"344":{"start":{"line":345,"column":0},"end":{"line":345,"column":115}},"345":{"start":{"line":346,"column":0},"end":{"line":346,"column":7}},"347":{"start":{"line":348,"column":0},"end":{"line":348,"column":54}},"348":{"start":{"line":349,"column":0},"end":{"line":349,"column":46}},"349":{"start":{"line":350,"column":0},"end":{"line":350,"column":20}},"350":{"start":{"line":351,"column":0},"end":{"line":351,"column":30}},"351":{"start":{"line":352,"column":0},"end":{"line":352,"column":21}},"352":{"start":{"line":353,"column":0},"end":{"line":353,"column":16}},"353":{"start":{"line":354,"column":0},"end":{"line":354,"column":11}},"354":{"start":{"line":355,"column":0},"end":{"line":355,"column":25}},"355":{"start":{"line":356,"column":0},"end":{"line":356,"column":20}},"356":{"start":{"line":357,"column":0},"end":{"line":357,"column":49}},"357":{"start":{"line":358,"column":0},"end":{"line":358,"column":31}},"358":{"start":{"line":359,"column":0},"end":{"line":359,"column":30}},"359":{"start":{"line":360,"column":0},"end":{"line":360,"column":14}},"360":{"start":{"line":361,"column":0},"end":{"line":361,"column":12}},"361":{"start":{"line":362,"column":0},"end":{"line":362,"column":10}},"362":{"start":{"line":363,"column":0},"end":{"line":363,"column":8}},"363":{"start":{"line":364,"column":0},"end":{"line":364,"column":76}},"364":{"start":{"line":365,"column":0},"end":{"line":365,"column":108}},"365":{"start":{"line":366,"column":0},"end":{"line":366,"column":7}},"367":{"start":{"line":368,"column":0},"end":{"line":368,"column":52}},"368":{"start":{"line":369,"column":0},"end":{"line":369,"column":46}},"369":{"start":{"line":370,"column":0},"end":{"line":370,"column":20}},"370":{"start":{"line":371,"column":0},"end":{"line":371,"column":28}},"371":{"start":{"line":372,"column":0},"end":{"line":372,"column":21}},"372":{"start":{"line":373,"column":0},"end":{"line":373,"column":16}},"373":{"start":{"line":374,"column":0},"end":{"line":374,"column":11}},"374":{"start":{"line":375,"column":0},"end":{"line":375,"column":25}},"375":{"start":{"line":376,"column":0},"end":{"line":376,"column":20}},"376":{"start":{"line":377,"column":0},"end":{"line":377,"column":49}},"377":{"start":{"line":378,"column":0},"end":{"line":378,"column":30}},"378":{"start":{"line":379,"column":0},"end":{"line":379,"column":31}},"379":{"start":{"line":380,"column":0},"end":{"line":380,"column":14}},"380":{"start":{"line":381,"column":0},"end":{"line":381,"column":12}},"381":{"start":{"line":382,"column":0},"end":{"line":382,"column":10}},"382":{"start":{"line":383,"column":0},"end":{"line":383,"column":8}},"383":{"start":{"line":384,"column":0},"end":{"line":384,"column":76}},"384":{"start":{"line":385,"column":0},"end":{"line":385,"column":86}},"385":{"start":{"line":386,"column":0},"end":{"line":386,"column":7}},"387":{"start":{"line":388,"column":0},"end":{"line":388,"column":51}},"388":{"start":{"line":389,"column":0},"end":{"line":389,"column":46}},"389":{"start":{"line":390,"column":0},"end":{"line":390,"column":20}},"390":{"start":{"line":391,"column":0},"end":{"line":391,"column":40}},"391":{"start":{"line":392,"column":0},"end":{"line":392,"column":21}},"392":{"start":{"line":393,"column":0},"end":{"line":393,"column":16}},"393":{"start":{"line":394,"column":0},"end":{"line":394,"column":11}},"394":{"start":{"line":395,"column":0},"end":{"line":395,"column":25}},"395":{"start":{"line":396,"column":0},"end":{"line":396,"column":20}},"396":{"start":{"line":397,"column":0},"end":{"line":397,"column":46}},"397":{"start":{"line":398,"column":0},"end":{"line":398,"column":32}},"398":{"start":{"line":399,"column":0},"end":{"line":399,"column":14}},"399":{"start":{"line":400,"column":0},"end":{"line":400,"column":12}},"400":{"start":{"line":401,"column":0},"end":{"line":401,"column":10}},"401":{"start":{"line":402,"column":0},"end":{"line":402,"column":8}},"402":{"start":{"line":403,"column":0},"end":{"line":403,"column":76}},"403":{"start":{"line":404,"column":0},"end":{"line":404,"column":106}},"404":{"start":{"line":405,"column":0},"end":{"line":405,"column":7}},"406":{"start":{"line":407,"column":0},"end":{"line":407,"column":54}},"407":{"start":{"line":408,"column":0},"end":{"line":408,"column":46}},"408":{"start":{"line":409,"column":0},"end":{"line":409,"column":20}},"409":{"start":{"line":410,"column":0},"end":{"line":410,"column":30}},"410":{"start":{"line":411,"column":0},"end":{"line":411,"column":21}},"411":{"start":{"line":412,"column":0},"end":{"line":412,"column":16}},"412":{"start":{"line":413,"column":0},"end":{"line":413,"column":11}},"413":{"start":{"line":414,"column":0},"end":{"line":414,"column":25}},"414":{"start":{"line":415,"column":0},"end":{"line":415,"column":20}},"415":{"start":{"line":416,"column":0},"end":{"line":416,"column":24}},"416":{"start":{"line":417,"column":0},"end":{"line":417,"column":59}},"417":{"start":{"line":418,"column":0},"end":{"line":418,"column":27}},"418":{"start":{"line":419,"column":0},"end":{"line":419,"column":31}},"419":{"start":{"line":420,"column":0},"end":{"line":420,"column":32}},"420":{"start":{"line":421,"column":0},"end":{"line":421,"column":14}},"421":{"start":{"line":422,"column":0},"end":{"line":422,"column":12}},"422":{"start":{"line":423,"column":0},"end":{"line":423,"column":10}},"423":{"start":{"line":424,"column":0},"end":{"line":424,"column":8}},"424":{"start":{"line":425,"column":0},"end":{"line":425,"column":76}},"425":{"start":{"line":426,"column":0},"end":{"line":426,"column":127}},"426":{"start":{"line":427,"column":0},"end":{"line":427,"column":7}},"428":{"start":{"line":429,"column":0},"end":{"line":429,"column":51}},"429":{"start":{"line":430,"column":0},"end":{"line":430,"column":46}},"430":{"start":{"line":431,"column":0},"end":{"line":431,"column":20}},"431":{"start":{"line":432,"column":0},"end":{"line":432,"column":27}},"432":{"start":{"line":433,"column":0},"end":{"line":433,"column":21}},"433":{"start":{"line":434,"column":0},"end":{"line":434,"column":16}},"434":{"start":{"line":435,"column":0},"end":{"line":435,"column":11}},"435":{"start":{"line":436,"column":0},"end":{"line":436,"column":25}},"436":{"start":{"line":437,"column":0},"end":{"line":437,"column":20}},"437":{"start":{"line":438,"column":0},"end":{"line":438,"column":87}},"438":{"start":{"line":439,"column":0},"end":{"line":439,"column":32}},"439":{"start":{"line":440,"column":0},"end":{"line":440,"column":14}},"440":{"start":{"line":441,"column":0},"end":{"line":441,"column":12}},"441":{"start":{"line":442,"column":0},"end":{"line":442,"column":10}},"442":{"start":{"line":443,"column":0},"end":{"line":443,"column":8}},"443":{"start":{"line":444,"column":0},"end":{"line":444,"column":76}},"444":{"start":{"line":445,"column":0},"end":{"line":445,"column":127}},"445":{"start":{"line":446,"column":0},"end":{"line":446,"column":7}},"447":{"start":{"line":448,"column":0},"end":{"line":448,"column":49}},"448":{"start":{"line":449,"column":0},"end":{"line":449,"column":46}},"449":{"start":{"line":450,"column":0},"end":{"line":450,"column":20}},"450":{"start":{"line":451,"column":0},"end":{"line":451,"column":21}},"451":{"start":{"line":452,"column":0},"end":{"line":452,"column":21}},"452":{"start":{"line":453,"column":0},"end":{"line":453,"column":34}},"453":{"start":{"line":454,"column":0},"end":{"line":454,"column":8}},"454":{"start":{"line":455,"column":0},"end":{"line":455,"column":76}},"455":{"start":{"line":456,"column":0},"end":{"line":456,"column":49}},"456":{"start":{"line":457,"column":0},"end":{"line":457,"column":7}},"458":{"start":{"line":459,"column":0},"end":{"line":459,"column":67}},"459":{"start":{"line":460,"column":0},"end":{"line":460,"column":43}},"460":{"start":{"line":461,"column":0},"end":{"line":461,"column":29}},"461":{"start":{"line":462,"column":0},"end":{"line":462,"column":9}},"462":{"start":{"line":463,"column":0},"end":{"line":463,"column":20}},"463":{"start":{"line":464,"column":0},"end":{"line":464,"column":21}},"464":{"start":{"line":465,"column":0},"end":{"line":465,"column":21}},"465":{"start":{"line":466,"column":0},"end":{"line":466,"column":34}},"466":{"start":{"line":467,"column":0},"end":{"line":467,"column":8}},"467":{"start":{"line":468,"column":0},"end":{"line":468,"column":76}},"468":{"start":{"line":469,"column":0},"end":{"line":469,"column":64}},"469":{"start":{"line":470,"column":0},"end":{"line":470,"column":7}},"471":{"start":{"line":472,"column":0},"end":{"line":472,"column":52}},"472":{"start":{"line":473,"column":0},"end":{"line":473,"column":46}},"473":{"start":{"line":474,"column":0},"end":{"line":474,"column":22}},"474":{"start":{"line":475,"column":0},"end":{"line":475,"column":23}},"475":{"start":{"line":476,"column":0},"end":{"line":476,"column":21}},"476":{"start":{"line":477,"column":0},"end":{"line":477,"column":36}},"477":{"start":{"line":478,"column":0},"end":{"line":478,"column":8}},"478":{"start":{"line":479,"column":0},"end":{"line":479,"column":78}},"479":{"start":{"line":480,"column":0},"end":{"line":480,"column":43}},"480":{"start":{"line":481,"column":0},"end":{"line":481,"column":7}},"482":{"start":{"line":483,"column":0},"end":{"line":483,"column":61}},"483":{"start":{"line":484,"column":0},"end":{"line":484,"column":43}},"484":{"start":{"line":485,"column":0},"end":{"line":485,"column":29}},"485":{"start":{"line":486,"column":0},"end":{"line":486,"column":9}},"486":{"start":{"line":487,"column":0},"end":{"line":487,"column":22}},"487":{"start":{"line":488,"column":0},"end":{"line":488,"column":23}},"488":{"start":{"line":489,"column":0},"end":{"line":489,"column":21}},"489":{"start":{"line":490,"column":0},"end":{"line":490,"column":36}},"490":{"start":{"line":491,"column":0},"end":{"line":491,"column":8}},"491":{"start":{"line":492,"column":0},"end":{"line":492,"column":78}},"492":{"start":{"line":493,"column":0},"end":{"line":493,"column":54}},"493":{"start":{"line":494,"column":0},"end":{"line":494,"column":7}},"495":{"start":{"line":496,"column":0},"end":{"line":496,"column":54}},"496":{"start":{"line":497,"column":0},"end":{"line":497,"column":46}},"497":{"start":{"line":498,"column":0},"end":{"line":498,"column":25}},"498":{"start":{"line":499,"column":0},"end":{"line":499,"column":26}},"499":{"start":{"line":500,"column":0},"end":{"line":500,"column":21}},"500":{"start":{"line":501,"column":0},"end":{"line":501,"column":39}},"501":{"start":{"line":502,"column":0},"end":{"line":502,"column":8}},"502":{"start":{"line":503,"column":0},"end":{"line":503,"column":81}},"503":{"start":{"line":504,"column":0},"end":{"line":504,"column":44}},"504":{"start":{"line":505,"column":0},"end":{"line":505,"column":7}},"506":{"start":{"line":507,"column":0},"end":{"line":507,"column":63}},"507":{"start":{"line":508,"column":0},"end":{"line":508,"column":43}},"508":{"start":{"line":509,"column":0},"end":{"line":509,"column":29}},"509":{"start":{"line":510,"column":0},"end":{"line":510,"column":9}},"510":{"start":{"line":511,"column":0},"end":{"line":511,"column":25}},"511":{"start":{"line":512,"column":0},"end":{"line":512,"column":26}},"512":{"start":{"line":513,"column":0},"end":{"line":513,"column":21}},"513":{"start":{"line":514,"column":0},"end":{"line":514,"column":39}},"514":{"start":{"line":515,"column":0},"end":{"line":515,"column":8}},"515":{"start":{"line":516,"column":0},"end":{"line":516,"column":81}},"516":{"start":{"line":517,"column":0},"end":{"line":517,"column":54}},"517":{"start":{"line":518,"column":0},"end":{"line":518,"column":7}},"519":{"start":{"line":520,"column":0},"end":{"line":520,"column":51}},"520":{"start":{"line":521,"column":0},"end":{"line":521,"column":46}},"521":{"start":{"line":522,"column":0},"end":{"line":522,"column":22}},"522":{"start":{"line":523,"column":0},"end":{"line":523,"column":23}},"523":{"start":{"line":524,"column":0},"end":{"line":524,"column":21}},"524":{"start":{"line":525,"column":0},"end":{"line":525,"column":36}},"525":{"start":{"line":526,"column":0},"end":{"line":526,"column":8}},"526":{"start":{"line":527,"column":0},"end":{"line":527,"column":78}},"527":{"start":{"line":528,"column":0},"end":{"line":528,"column":41}},"528":{"start":{"line":529,"column":0},"end":{"line":529,"column":7}},"530":{"start":{"line":531,"column":0},"end":{"line":531,"column":60}},"531":{"start":{"line":532,"column":0},"end":{"line":532,"column":43}},"532":{"start":{"line":533,"column":0},"end":{"line":533,"column":29}},"533":{"start":{"line":534,"column":0},"end":{"line":534,"column":9}},"534":{"start":{"line":535,"column":0},"end":{"line":535,"column":22}},"535":{"start":{"line":536,"column":0},"end":{"line":536,"column":23}},"536":{"start":{"line":537,"column":0},"end":{"line":537,"column":21}},"537":{"start":{"line":538,"column":0},"end":{"line":538,"column":36}},"538":{"start":{"line":539,"column":0},"end":{"line":539,"column":8}},"539":{"start":{"line":540,"column":0},"end":{"line":540,"column":78}},"540":{"start":{"line":541,"column":0},"end":{"line":541,"column":51}},"541":{"start":{"line":542,"column":0},"end":{"line":542,"column":7}},"543":{"start":{"line":544,"column":0},"end":{"line":544,"column":49}},"544":{"start":{"line":545,"column":0},"end":{"line":545,"column":46}},"545":{"start":{"line":546,"column":0},"end":{"line":546,"column":20}},"546":{"start":{"line":547,"column":0},"end":{"line":547,"column":21}},"547":{"start":{"line":548,"column":0},"end":{"line":548,"column":21}},"548":{"start":{"line":549,"column":0},"end":{"line":549,"column":34}},"549":{"start":{"line":550,"column":0},"end":{"line":550,"column":8}},"550":{"start":{"line":551,"column":0},"end":{"line":551,"column":76}},"551":{"start":{"line":552,"column":0},"end":{"line":552,"column":45}},"552":{"start":{"line":553,"column":0},"end":{"line":553,"column":7}},"554":{"start":{"line":555,"column":0},"end":{"line":555,"column":58}},"555":{"start":{"line":556,"column":0},"end":{"line":556,"column":43}},"556":{"start":{"line":557,"column":0},"end":{"line":557,"column":29}},"557":{"start":{"line":558,"column":0},"end":{"line":558,"column":9}},"558":{"start":{"line":559,"column":0},"end":{"line":559,"column":20}},"559":{"start":{"line":560,"column":0},"end":{"line":560,"column":21}},"560":{"start":{"line":561,"column":0},"end":{"line":561,"column":21}},"561":{"start":{"line":562,"column":0},"end":{"line":562,"column":34}},"562":{"start":{"line":563,"column":0},"end":{"line":563,"column":8}},"563":{"start":{"line":564,"column":0},"end":{"line":564,"column":76}},"564":{"start":{"line":565,"column":0},"end":{"line":565,"column":58}},"565":{"start":{"line":566,"column":0},"end":{"line":566,"column":7}},"567":{"start":{"line":568,"column":0},"end":{"line":568,"column":56}},"568":{"start":{"line":569,"column":0},"end":{"line":569,"column":46}},"569":{"start":{"line":570,"column":0},"end":{"line":570,"column":27}},"570":{"start":{"line":571,"column":0},"end":{"line":571,"column":28}},"571":{"start":{"line":572,"column":0},"end":{"line":572,"column":21}},"572":{"start":{"line":573,"column":0},"end":{"line":573,"column":41}},"573":{"start":{"line":574,"column":0},"end":{"line":574,"column":8}},"574":{"start":{"line":575,"column":0},"end":{"line":575,"column":83}},"575":{"start":{"line":576,"column":0},"end":{"line":576,"column":50}},"576":{"start":{"line":577,"column":0},"end":{"line":577,"column":7}},"578":{"start":{"line":579,"column":0},"end":{"line":579,"column":65}},"579":{"start":{"line":580,"column":0},"end":{"line":580,"column":43}},"580":{"start":{"line":581,"column":0},"end":{"line":581,"column":29}},"581":{"start":{"line":582,"column":0},"end":{"line":582,"column":9}},"582":{"start":{"line":583,"column":0},"end":{"line":583,"column":27}},"583":{"start":{"line":584,"column":0},"end":{"line":584,"column":28}},"584":{"start":{"line":585,"column":0},"end":{"line":585,"column":21}},"585":{"start":{"line":586,"column":0},"end":{"line":586,"column":41}},"586":{"start":{"line":587,"column":0},"end":{"line":587,"column":8}},"587":{"start":{"line":588,"column":0},"end":{"line":588,"column":83}},"588":{"start":{"line":589,"column":0},"end":{"line":589,"column":62}},"589":{"start":{"line":590,"column":0},"end":{"line":590,"column":7}},"591":{"start":{"line":592,"column":0},"end":{"line":592,"column":54}},"592":{"start":{"line":593,"column":0},"end":{"line":593,"column":46}},"593":{"start":{"line":594,"column":0},"end":{"line":594,"column":25}},"594":{"start":{"line":595,"column":0},"end":{"line":595,"column":26}},"595":{"start":{"line":596,"column":0},"end":{"line":596,"column":21}},"596":{"start":{"line":597,"column":0},"end":{"line":597,"column":39}},"597":{"start":{"line":598,"column":0},"end":{"line":598,"column":8}},"598":{"start":{"line":599,"column":0},"end":{"line":599,"column":81}},"599":{"start":{"line":600,"column":0},"end":{"line":600,"column":48}},"600":{"start":{"line":601,"column":0},"end":{"line":601,"column":7}},"602":{"start":{"line":603,"column":0},"end":{"line":603,"column":63}},"603":{"start":{"line":604,"column":0},"end":{"line":604,"column":43}},"604":{"start":{"line":605,"column":0},"end":{"line":605,"column":29}},"605":{"start":{"line":606,"column":0},"end":{"line":606,"column":9}},"606":{"start":{"line":607,"column":0},"end":{"line":607,"column":25}},"607":{"start":{"line":608,"column":0},"end":{"line":608,"column":26}},"608":{"start":{"line":609,"column":0},"end":{"line":609,"column":21}},"609":{"start":{"line":610,"column":0},"end":{"line":610,"column":39}},"610":{"start":{"line":611,"column":0},"end":{"line":611,"column":8}},"611":{"start":{"line":612,"column":0},"end":{"line":612,"column":81}},"612":{"start":{"line":613,"column":0},"end":{"line":613,"column":60}},"613":{"start":{"line":614,"column":0},"end":{"line":614,"column":7}},"615":{"start":{"line":616,"column":0},"end":{"line":616,"column":54}},"616":{"start":{"line":617,"column":0},"
[...]
}]},"12":{"type":"branch","line":47,"loc":{"start":{"line":47,"column":26},"end":{"line":49,"column":7}},"locations":[{"start":{"line":47,"column":26},"end":{"line":49,"column":7}}]},"13":{"type":"branch","line":50,"loc":{"start":{"line":50,"column":44},"end":{"line":50,"column":67}},"locations":[{"start":{"line":50,"column":44},"end":{"line":50,"column":67}}]},"14":{"type":"branch","line":53,"loc":{"start":{"line":53,"column":58},"end":{"line":79,"column":4}},"locations":[{"start":{"line":53,"column":58},"end":{"line":79,"column":4}}]},"15":{"type":"branch","line":54,"loc":{"start":{"line":54,"column":52},"end":{"line":54,"column":64}},"locations":[{"start":{"line":54,"column":52},"end":{"line":54,"column":64}}]},"16":{"type":"branch","line":58,"loc":{"start":{"line":58,"column":24},"end":{"line":62,"column":5}},"locations":[{"start":{"line":58,"column":24},"end":{"line":62,"column":5}}]},"17":{"type":"branch","line":63,"loc":{"start":{"line":63,"column":24},"end":{"line":68,"column":5}},"locations":[{"start":{"line":63,"column":24},"end":{"line":68,"column":5}}]},"18":{"type":"branch","line":80,"loc":{"start":{"line":80,"column":60},"end":{"line":90,"column":4}},"locations":[{"start":{"line":80,"column":60},"end":{"line":90,"column":4}}]},"19":{"type":"branch","line":81,"loc":{"start":{"line":81,"column":36},"end":{"line":81,"column":48}},"locations":[{"start":{"line":81,"column":36},"end":{"line":81,"column":48}}]},"20":{"type":"branch","line":86,"loc":{"start":{"line":86,"column":24},"end":{"line":88,"column":5}},"locations":[{"start":{"line":86,"column":24},"end":{"line":88,"column":5}}]},"21":{"type":"branch","line":92,"loc":{"start":{"line":92,"column":58},"end":{"line":106,"column":4}},"locations":[{"start":{"line":92,"column":58},"end":{"line":106,"column":4}}]},"22":{"type":"branch","line":108,"loc":{"start":{"line":108,"column":62},"end":{"line":113,"column":4}},"locations":[{"start":{"line":108,"column":62},"end":{"line":113,"column":4}}]},"23":{"type":"branch","line":112,"loc":{"start":{"line":112,"column":60},"end":{"line":112,"column":81}},"locations":[{"start":{"line":112,"column":60},"end":{"line":112,"column":81}}]},"24":{"type":"branch","line":116,"loc":{"start":{"line":116,"column":23},"end":{"line":122,"column":4}},"locations":[{"start":{"line":116,"column":23},"end":{"line":122,"column":4}}]},"25":{"type":"branch","line":116,"loc":{"start":{"line":116,"column":90},"end":{"line":122,"column":4}},"locations":[{"start":{"line":116,"column":90},"end":{"line":122,"column":4}}]},"26":{"type":"branch","line":117,"loc":{"start":{"line":117,"column":23},"end":{"line":117,"column":65}},"locations":[{"start":{"line":117,"column":23},"end":{"line":117,"column":65}}]},"27":{"type":"branch","line":117,"loc":{"start":{"line":117,"column":61},"end":{"line":117,"column":77}},"locations":[{"start":{"line":117,"column":61},"end":{"line":117,"column":77}}]},"28":{"type":"branch","line":118,"loc":{"start":{"line":118,"column":24},"end":{"line":120,"column":5}},"locations":[{"start":{"line":118,"column":24},"end":{"line":120,"column":5}}]},"29":{"type":"branch","line":124,"loc":{"start":{"line":124,"column":20},"end":{"line":128,"column":4}},"locations":[{"start":{"line":124,"column":20},"end":{"line":128,"column":4}}]},"30":{"type":"branch","line":131,"loc":{"start":{"line":131,"column":57},"end":{"line":146,"column":4}},"locations":[{"start":{"line":131,"column":57},"end":{"line":146,"column":4}}]},"31":{"type":"branch","line":136,"loc":{"start":{"line":136,"column":13},"end":{"line":140,"column":9}},"locations":[{"start":{"line":136,"column":13},"end":{"line":140,"column":9}}]},"32":{"type":"branch","line":140,"loc":{"start":{"line":140,"column":8},"end":{"line":141,"column":76}},"locations":[{"start":{"line":140,"column":8},"end":{"line":141,"column":76}}]},"33":{"type":"branch","line":142,"loc":{"start":{"line":142,"column":4},"end":{"line":145,"column":5}},"locations":[{"start":{"line":142,"column":4},"end":{"line":145,"column":5}}]},"34":{"type":"branch","line":138,"loc":{"start":{"line":138,"column":10},"end":{"line":138,"column":124}},"locations":[{"start":{"line":138,"column":10},"end":{"line":138,"column":124}}]},"35":{"type":"branch","line":150,"loc":{"start":{"line":150,"column":57},"end":{"line":175,"column":4}},"locations":[{"start":{"line":150,"column":57},"end":{"line":175,"column":4}}]},"36":{"type":"branch","line":151,"loc":{"start":{"line":151,"column":53},"end":{"line":151,"column":65}},"locations":[{"start":{"line":151,"column":53},"end":{"line":151,"column":65}}]},"37":{"type":"branch","line":155,"loc":{"start":{"line":155,"column":6},"end":{"line":155,"column":27}},"locations":[{"start":{"line":155,"column":6},"end":{"line":155,"column":27}}]},"38":{"type":"branch","line":156,"loc":{"start":{"line":156,"column":6},"end":{"line":158,"column":14}},"locations":[{"start":{"line":156,"column":6},"end":{"line":158,"column":14}}]},"39":{"type":"branch","line":159,"loc":{"start":{"line":159,"column":6},"end":{"line":161,"column":14}},"locations":[{"start":{"line":159,"column":6},"end":{"line":161,"column":14}}]},"40":{"type":"branch","line":162,"loc":{"start":{"line":162,"column":6},"end":{"line":166,"column":14}},"locations":[{"start":{"line":162,"column":6},"end":{"line":166,"column":14}}]},"41":{"type":"branch","line":167,"loc":{"start":{"line":167,"column":6},"end":{"line":169,"column":14}},"locations":[{"start":{"line":167,"column":6},"end":{"line":169,"column":14}}]},"42":{"type":"branch","line":171,"loc":{"start":{"line":171,"column":16},"end":{"line":173,"column":5}},"locations":[{"start":{"line":171,"column":16},"end":{"line":173,"column":5}}]},"43":{"type":"branch","line":214,"loc":{"start":{"line":214,"column":38},"end":{"line":214,"column":106}},"locations":[{"start":{"line":214,"column":38},"end":{"line":214,"column":106}}]},"44":{"type":"branch","line":217,"loc":{"start":{"line":217,"column":2},"end":{"line":235,"column":3}},"locations":[{"start":{"line":217,"column":2},"end":{"line":235,"column":3}}]},"45":{"type":"branch","line":220,"loc":{"start":{"line":220,"column":19},"end":{"line":223,"column":5}},"locations":[{"start":{"line":220,"column":19},"end":{"line":223,"column":5}}]},"46":{"type":"branch","line":225,"loc":{"start":{"line":225,"column":30},"end":{"line":227,"column":5}},"locations":[{"start":{"line":225,"column":30},"end":{"line":227,"column":5}}]},"47":{"type":"branch","line":227,"loc":{"start":{"line":227,"column":4},"end":{"line":229,"column":36}},"locations":[{"start":{"line":227,"column":4},"end":{"line":229,"column":36}}]},"48":{"type":"branch","line":229,"loc":{"start":{"line":229,"column":26},"end":{"line":229,"column":63}},"locations":[{"start":{"line":229,"column":26},"end":{"line":229,"column":63}}]},"49":{"type":"branch","line":229,"loc":{"start":{"line":229,"column":59},"end":{"line":229,"column":73}},"locations":[{"start":{"line":229,"column":59},"end":{"line":229,"column":73}}]},"50":{"type":"branch","line":261,"loc":{"start":{"line":261,"column":2},"end":{"line":263,"column":3}},"locations":[{"start":{"line":261,"column":2},"end":{"line":263,"column":3}}]},"51":{"type":"branch","line":262,"loc":{"start":{"line":262,"column":29},"end":{"line":262,"column":61}},"locations":[{"start":{"line":262,"column":29},"end":{"line":262,"column":61}}]}},"b":{"0":[54],"1":[28],"2":[26],"3":[9],"4":[45],"5":[18],"6":[27],"7":[0],"8":[43],"9":[344],"10":[21],"11":[20],"12":[4],"13":[4],"14":[4],"15":[1],"16":[1],"17":[1],"18":[2],"19":[0],"20":[1],"21":[1],"22":[1],"23":[0],"24":[430],"25":[20],"26":[2],"27":[18],"28":[8],"29":[50],"30":[62],"31":[24],"32":[38],"33":[0],"34":[26],"35":[5],"36":[0],"37":[1],"38":[2],"39":[1],"40":[1],"41":[1],"42":[1],"43":[2],"44":[118],"45":[0],"46":[62],"47":[56],"48":[20],"49":[36],"50":[118],"51":[0]},"fnMap":{"0":{"name":"defaultRenderFn","decl":{"start":{"line":15,"column":0},"end":{"line":23,"column":1}},"loc":{"start":{"line":15,"column":0},"end":{"line":23,"column":1}},"line":15},"1":{"name":"richTextResolver","decl":{"start":{"line":33,"column":7},"end":{"line":268,"column":1}},"loc":{"start":{"line":33,"column":7},"end":{"line":268,"column":1}},"line":33},"2":{"name":"nodeResolver","decl":{"start":{"line":44,"column":23},"end":{"line":51,"column":6}},"loc":{"start":{"line":44,"column":23},"end":{"line":51,"column":6}},"line":44},"3":{"name":"imageResolver","decl":{"start":{"line":53,"column":58},"end":{"line":79,"column":4}},"loc":{"start":{"line":53,"column":58},"end":{"line":79,"column":4}},"line":53},"4":{"name":"headingResolver","decl":{"start":{"line":80,"column":60},"end":{"line":90,"column":4}},"loc":{"start":{"line":80,"column":60},"end":{"line":90,"column":4}},"line":80},"5":{"name":"emojiResolver","decl":{"start":{"line":92,"column":58},"end":{"line":106,"column":4}},"loc":{"start":{"line":92,"column":58},"end":{"line":106,"column":4}},"line":92},"6":{"name":"codeBlockResolver","decl":{"start":{"line":108,"column":62},"end":{"line":113,"column":4}},"loc":{"start":{"line":108,"column":62},"end":{"line":113,"column":4}},"line":108},"7":{"name":"markResolver","decl":{"start":{"line":116,"column":23},"end":{"line":122,"column":4}},"loc":{"start":{"line":116,"column":23},"end":{"line":122,"column":4}},"line":116},"8":{"name":"renderToT","decl":{"start":{"line":124,"column":20},"end":{"line":128,"column":4}},"loc":{"start":{"line":124,"column":20},"end":{"line":128,"column":4}},"line":124},"9":{"name":"textResolver","decl":{"start":{"line":131,"column":57},"end":{"line":146,"column":4}},"loc":{"start":{"line":131,"column":57},"end":{"line":146,"column":4}},"line":131},"10":{"name":"marks.reduce.renderToT","decl":{"start":{"line":138,"column":10},"end":{"line":138,"column":124}},"loc":{"start":{"line":138,"column":10},"end":{"line":138,"column":124}},"line":138},"11":{"name":"linkResolver","decl":{"start":{"line":150,"column":57},"end":{"line":175,"column":4}},"loc":{"start":{"line":150,"column":57},"end":{"line":175,"column":4}},"line":150},"12":{"name":"componentResolver","decl":{"start":{"line":177,"column":62},"end":{"line":185,"column":4}},"loc":{"start":{"line":177,"column":62},"end":{"line":185,"column":4}},"line":177},"13":{"name":"renderNode","decl":{"start":{"line":217,"column":2},"end":{"line":235,"column":3}},"loc":{"start":{"line":217,"column":2},"end":{"line":235,"column":3}},"line":217},"14":{"name":"render","decl":{"start":{"line":261,"column":2},"end":{"line":263,"column":3}},"loc":{"start":{"line":261,"column":2},"end":{"line":263,"column":3}},"line":261}},"f":{"0":54,"1":43,"2":344,"3":4,"4":2,"5":1,"6":1,"7":430,"8":50,"9":62,"10":26,"11":5,"12":0,"13":118,"14":118}}
,"/Users/alvarosabu/Projects/storyblok/storyblok-richtext/src/vite-env.d.ts": {"path":"/Users/alvarosabu/Projects/storyblok/storyblok-richtext/src/vite-env.d.ts","all":true,"statementMap":{},"s":{},"branchMap":{"0":{"type":"branch","line":1,"loc":{"start":{"line":1,"column":37},"end":{"line":1,"column":37}},"locations":[{"start":{"line":1,"column":37},"end":{"line":1,"column":37}}]}},"b":{"0":[1]},"fnMap":{"0":{"name":"(empty-report)","decl":{"start":{"line":1,"column":37},"end":{"line":1,"column":37}},"loc":{"start":{"line":1,"column":37},"end":{"line":1,"column":37}},"line":1}},"f":{"0":1}}
,"/Users/alvarosabu/Projects/storyblok/storyblok-richtext/src/types/index.ts": {"path":"/Users/alvarosabu/Projects/storyblok/storyblok-richtext/src/types/index.ts","all":false,"statementMap":{"0":{"start":{"line":1,"column":0},"end":{"line":1,"column":24}},"1":{"start":{"line":2,"column":0},"end":{"line":2,"column":19}},"2":{"start":{"line":3,"column":0},"end":{"line":3,"column":22}},"3":{"start":{"line":4,"column":0},"end":{"line":4,"column":26}},"4":{"start":{"line":5,"column":0},"end":{"line":5,"column":23}},"5":{"start":{"line":6,"column":0},"end":{"line":6,"column":27}},"6":{"start":{"line":7,"column":0},"end":{"line":7,"column":26}},"7":{"start":{"line":8,"column":0},"end":{"line":8,"column":26}},"8":{"start":{"line":9,"column":0},"end":{"line":9,"column":28}},"9":{"start":{"line":10,"column":0},"end":{"line":10,"column":25}},"10":{"start":{"line":11,"column":0},"end":{"line":11,"column":20}},"11":{"start":{"line":12,"column":0},"end":{"line":12,"column":18}},"12":{"start":{"line":13,"column":0},"end":{"line":13,"column":18}},"13":{"start":{"line":14,"column":0},"end":{"line":14,"column":21}},"16":{"start":{"line":17,"column":0},"end":{"line":17,"column":23}},"17":{"start":{"line":18,"column":0},"end":{"line":18,"column":16}},"18":{"start":{"line":19,"column":0},"end":{"line":19,"column":20}},"19":{"start":{"line":20,"column":0},"end":{"line":20,"column":20}},"20":{"start":{"line":21,"column":0},"end":{"line":21,"column":26}},"21":{"start":{"line":22,"column":0},"end":{"line":22,"column":20}},"22":{"start":{"line":23,"column":0},"end":{"line":23,"column":16}},"23":{"start":{"line":24,"column":0},"end":{"line":24,"column":16}},"24":{"start":{"line":25,"column":0},"end":{"line":25,"column":20}},"25":{"start":{"line":26,"column":0},"end":{"line":26,"column":20}},"26":{"start":{"line":27,"column":0},"end":{"line":27,"column":30}},"27":{"start":{"line":28,"column":0},"end":{"line":28,"column":26}},"28":{"start":{"line":29,"column":0},"end":{"line":29,"column":27}},"29":{"start":{"line":30,"column":0},"end":{"line":30,"column":26}},"32":{"start":{"line":33,"column":0},"end":{"line":33,"column":23}},"33":{"start":{"line":34,"column":0},"end":{"line":34,"column":16}},"36":{"start":{"line":37,"column":0},"end":{"line":37,"column":25}},"37":{"start":{"line":38,"column":0},"end":{"line":38,"column":17}},"38":{"start":{"line":39,"column":0},"end":{"line":39,"column":19}},"41":{"start":{"line":42,"column":0},"end":{"line":42,"column":23}},"42":{"start":{"line":43,"column":0},"end":{"line":43,"column":14}},"43":{"start":{"line":44,"column":0},"end":{"line":44,"column":18}},"44":{"start":{"line":45,"column":0},"end":{"line":45,"column":18}},"45":{"start":{"line":46,"column":0},"end":{"line":46,"column":18}}},"s":{"0":1,"1":1,"2":1,"3":1,"4":1,"5":1,"6":1,"7":1,"8":1,"9":1,"10":1,"11":1,"12":1,"13":1,"16":1,"17":1,"18":1,"19":1,"20":1,"21":1,"22":1,"23":1,"24":1,"25":1,"26":1,"27":1,"28":1,"29":1,"32":1,"33":1,"36":1,"37":1,"38":1,"41":1,"42":1,"43":1,"44":1,"45":1},"branchMap":{"0":{"type":"branch","line":1,"loc":{"start":{"line":1,"column":7},"end":{"line":1,"column":24}},"locations":[{"start":{"line":1,"column":7},"end":{"line":1,"column":24}}]},"1":{"type":"branch","line":17,"loc":{"start":{"line":17,"column":7},"end":{"line":17,"column":23}},"locations":[{"start":{"line":17,"column":7},"end":{"line":17,"column":23}}]},"2":{"type":"branch","line":33,"loc":{"start":{"line":33,"column":7},"end":{"line":33,"column":23}},"locations":[{"start":{"line":33,"column":7},"end":{"line":33,"column":23}}]},"3":{"type":"branch","line":37,"loc":{"start":{"line":37,"column":7},"end":{"line":37,"column":25}},"locations":[{"start":{"line":37,"column":7},"end":{"line":37,"column":25}}]},"4":{"type":"branch","line":42,"loc":{"start":{"line":42,"column":7},"end":{"line":42,"column":23}},"locations":[{"start":{"line":42,"column":7},"end":{"line":42,"column":23}}]}},"b":{"0":[1],"1":[1],"2":[1],"3":[1],"4":[1]},"fnMap":{},"f":{}}
,"/Users/alvarosabu/Projects/storyblok/storyblok-richtext/src/utils/index.ts": {"path":"/Users/alvarosabu/Projects/storyblok/storyblok-richtext/src/utils/index.ts","all":false,"statementMap":{"0":{"start":{"line":1,"column":0},"end":{"line":1,"column":34}},"1":{"start":{"line":2,"column":0},"end":{"line":2,"column":9}},"2":{"start":{"line":3,"column":0},"end":{"line":3,"column":9}},"3":{"start":{"line":4,"column":0},"end":{"line":4,"column":7}},"4":{"start":{"line":5,"column":0},"end":{"line":5,"column":8}},"5":{"start":{"line":6,"column":0},"end":{"line":6,"column":10}},"6":{"start":{"line":7,"column":0},"end":{"line":7,"column":7}},"7":{"start":{"line":8,"column":0},"end":{"line":8,"column":8}},"8":{"start":{"line":9,"column":0},"end":{"line":9,"column":10}},"9":{"start":{"line":10,"column":0},"end":{"line":10,"column":9}},"10":{"start":{"line":11,"column":0},"end":{"line":11,"column":9}},"11":{"start":{"line":12,"column":0},"end":{"line":12,"column":10}},"12":{"start":{"line":13,"column":0},"end":{"line":13,"column":11}},"13":{"start":{"line":14,"column":0},"end":{"line":14,"column":10}},"14":{"start":{"line":15,"column":0},"end":{"line":15,"column":8}},"15":{"start":{"line":16,"column":0},"end":{"line":16,"column":2}},"39":{"start":{"line":40,"column":0},"end":{"line":40,"column":87}},"40":{"start":{"line":41,"column":0},"end":{"line":41,"column":39}},"41":{"start":{"line":42,"column":0},"end":{"line":42,"column":13}},"63":{"start":{"line":64,"column":0},"end":{"line":64,"column":86}},"64":{"start":{"line":65,"column":0},"end":{"line":65,"column":38}},"65":{"start":{"line":66,"column":0},"end":{"line":66,"column":14}},"83":{"start":{"line":84,"column":0},"end":{"line":84,"column":56}},"84":{"start":{"line":85,"column":0},"end":{"line":85,"column":19}},"85":{"start":{"line":86,"column":0},"end":{"line":86,"column":27}},"86":{"start":{"line":87,"column":0},"end":{"line":87,"column":26}},"87":{"start":{"line":88,"column":0},"end":{"line":88,"column":26}},"88":{"start":{"line":89,"column":0},"end":{"line":89,"column":28}},"89":{"start":{"line":90,"column":0},"end":{"line":90,"column":29}},"90":{"start":{"line":91,"column":0},"end":{"line":91,"column":1}},"112":{"start":{"line":113,"column":0},"end":{"line":113,"column":58}},"113":{"start":{"line":114,"column":0},"end":{"line":114,"column":85}},"114":{"start":{"line":115,"column":0},"end":{"line":115,"column":2}}},"s":{"0":1,"1":1,"2":1,"3":1,"4":1,"5":1,"6":1,"7":1,"8":1,"9":1,"10":1,"11":1,"12":1,"13":1,"14":1,"15":1,"39":1,"40":54,"41":54,"63":1,"64":2,"65":2,"83":1,"84":37,"85":37,"86":37,"87":37,"88":37,"89":37,"90":37,"112":1,"113":4,"114":4},"branchMap":{"0":{"type":"branch","line":40,"loc":{"start":{"line":40,"column":29},"end":{"line":42,"column":13}},"locations":[{"start":{"line":40,"column":29},"end":{"line":42,"column":13}}]},"1":{"type":"branch","line":41,"loc":{"start":{"line":41,"column":7},"end":{"line":41,"column":38}},"locations":[{"start":{"line":41,"column":7},"end":{"line":41,"column":38}}]},"2":{"type":"branch","line":64,"loc":{"start":{"line":64,"column":28},"end":{"line":66,"column":14}},"locations":[{"start":{"line":64,"column":28},"end":{"line":66,"column":14}}]},"3":{"type":"branch","line":65,"loc":{"start":{"line":65,"column":7},"end":{"line":65,"column":37}},"locations":[{"start":{"line":65,"column":7},"end":{"line":65,"column":37}}]},"4":{"type":"branch","line":84,"loc":{"start":{"line":84,"column":7},"end":{"line":91,"column":1}},"locations":[{"start":{"line":84,"column":7},"end":{"line":91,"column":1}}]},"5":{"type":"branch","line":113,"loc":{"start":{"line":113,"column":27},"end":{"line":115,"column":2}},"locations":[{"start":{"line":113,"column":27},"end":{"line":115,"column":2}}]},"6":{"type":"branch","line":114,"loc":{"start":{"line":114,"column":55},"end":{"line":114,"column":82}},"locations":[{"start":{"line":114,"column":55},"end":{"line":114,"column":82}}]}},"b":{"0":[54],"1":[50],"2":[2],"3":[2],"4":[37],"5":[4],"6":[21]},"fnMap":{"0":{"name":"attrsToString","decl":{"start":{"line":40,"column":29},"end":{"line":42,"column":13}},"loc":{"start":{"line":40,"column":29},"end":{"line":42,"column":13}},"line":40},"1":{"name":"attrsToStyle","decl":{"start":{"line":64,"column":28},"end":{"line":66,"column":14}},"loc":{"start":{"line":64,"column":28},"end":{"line":66,"column":14}},"line":64},"2":{"name":"escapeHtml","decl":{"start":{"line":84,"column":7},"end":{"line":91,"column":1}},"loc":{"start":{"line":84,"column":7},"end":{"line":91,"column":1}},"line":84},"3":{"name":"cleanObject","decl":{"start":{"line":113,"column":27},"end":{"line":115,"column":2}},"loc":{"start":{"line":113,"column":27},"end":{"line":115,"column":2}},"line":113}},"f":{"0":54,"1":2,"2":37,"3":4}}
}
